{"/home/travis/build/npmtest/node-npmtest-jest-cli/test.js":{"path":"/home/travis/build/npmtest/node-npmtest-jest-cli/test.js","s":{"1":2,"2":2,"3":2,"4":2,"5":2,"6":2,"7":2,"8":1,"9":2,"10":2,"11":1,"12":1,"13":1,"14":1,"15":2,"16":2,"17":2,"18":2,"19":1,"20":1,"21":2,"22":2,"23":2,"24":1,"25":1,"26":1,"27":1,"28":1,"29":1,"30":1,"31":1,"32":1,"33":1,"34":1,"35":1,"36":1,"37":1,"38":1,"39":2,"40":2,"41":1,"42":2,"43":2,"44":1,"45":2,"46":2,"47":1,"48":2,"49":2,"50":1,"51":1,"52":1,"53":1,"54":1},"b":{"1":[2,1,1,1],"2":[1,1,1,1],"3":[1,1],"4":[1,1],"5":[1,1],"6":[1,1],"7":[1,1],"8":[1,1],"9":[1,1],"10":[1,1,1],"11":[1,1],"12":[1,1],"13":[1,1],"14":[1,1],"15":[1,1],"16":[1,1],"17":[1,1]},"f":{"1":2,"2":2,"3":2,"4":2,"5":2,"6":1,"7":1,"8":1,"9":2,"10":2,"11":2,"12":2,"13":1},"fnMap":{"1":{"name":"(anonymous_1)","line":12,"loc":{"start":{"line":12,"column":1},"end":{"line":12,"column":13}}},"2":{"name":"(anonymous_2)","line":19,"loc":{"start":{"line":19,"column":5},"end":{"line":19,"column":17}}},"3":{"name":"(anonymous_3)","line":23,"loc":{"start":{"line":23,"column":24},"end":{"line":23,"column":36}}},"4":{"name":"(anonymous_4)","line":61,"loc":{"start":{"line":61,"column":5},"end":{"line":61,"column":17}}},"5":{"name":"(anonymous_5)","line":82,"loc":{"start":{"line":82,"column":5},"end":{"line":82,"column":17}}},"6":{"name":"(anonymous_6)","line":91,"loc":{"start":{"line":91,"column":77},"end":{"line":94,"column":10}}},"7":{"name":"(anonymous_7)","line":112,"loc":{"start":{"line":112,"column":83},"end":{"line":115,"column":10}},"skip":true},"8":{"name":"(anonymous_8)","line":123,"loc":{"start":{"line":123,"column":77},"end":{"line":126,"column":10}},"skip":true},"9":{"name":"(anonymous_9)","line":139,"loc":{"start":{"line":139,"column":12},"end":{"line":139,"column":40}},"skip":true},"10":{"name":"(anonymous_10)","line":147,"loc":{"start":{"line":147,"column":77},"end":{"line":150,"column":10}},"skip":true},"11":{"name":"(anonymous_11)","line":158,"loc":{"start":{"line":158,"column":83},"end":{"line":161,"column":10}},"skip":true},"12":{"name":"(anonymous_12)","line":169,"loc":{"start":{"line":169,"column":79},"end":{"line":172,"column":10}},"skip":true},"13":{"name":"(anonymous_13)","line":180,"loc":{"start":{"line":180,"column":75},"end":{"line":183,"column":10}},"skip":true}},"statementMap":{"1":{"start":{"line":12,"column":0},"end":{"line":195,"column":5}},"2":{"start":{"line":14,"column":4},"end":{"line":14,"column":14}},"3":{"start":{"line":19,"column":4},"end":{"line":56,"column":9}},"4":{"start":{"line":21,"column":8},"end":{"line":21,"column":19}},"5":{"start":{"line":23,"column":8},"end":{"line":35,"column":13}},"6":{"start":{"line":24,"column":12},"end":{"line":34,"column":13}},"7":{"start":{"line":25,"column":16},"end":{"line":28,"column":30}},"8":{"start":{"line":30,"column":16},"end":{"line":33,"column":27}},"9":{"start":{"line":37,"column":8},"end":{"line":39,"column":21}},"10":{"start":{"line":40,"column":8},"end":{"line":53,"column":9}},"11":{"start":{"line":43,"column":12},"end":{"line":46,"column":14}},"12":{"start":{"line":47,"column":12},"end":{"line":47,"column":18}},"13":{"start":{"line":50,"column":12},"end":{"line":51,"column":33}},"14":{"start":{"line":52,"column":12},"end":{"line":52,"column":18}},"15":{"start":{"line":55,"column":8},"end":{"line":55,"column":35}},"16":{"start":{"line":61,"column":4},"end":{"line":63,"column":9}},"17":{"start":{"line":62,"column":8},"end":{"line":62,"column":15}},"18":{"start":{"line":64,"column":4},"end":{"line":77,"column":5}},"19":{"start":{"line":70,"column":8},"end":{"line":70,"column":14}},"20":{"start":{"line":76,"column":8},"end":{"line":76,"column":14}},"21":{"start":{"line":82,"column":4},"end":{"line":84,"column":9}},"22":{"start":{"line":83,"column":8},"end":{"line":83,"column":15}},"23":{"start":{"line":85,"column":4},"end":{"line":194,"column":5}},"24":{"start":{"line":91,"column":8},"end":{"line":99,"column":10}},"25":{"start":{"line":98,"column":12},"end":{"line":98,"column":35}},"26":{"start":{"line":102,"column":8},"end":{"line":104,"column":63}},"27":{"start":{"line":105,"column":8},"end":{"line":105,"column":14}},"28":{"start":{"line":112,"column":8},"end":{"line":121,"column":10},"skip":true},"29":{"start":{"line":119,"column":12},"end":{"line":119,"column":55},"skip":true},"30":{"start":{"line":120,"column":12},"end":{"line":120,"column":48},"skip":true},"31":{"start":{"line":123,"column":8},"end":{"line":136,"column":10},"skip":true},"32":{"start":{"line":130,"column":12},"end":{"line":130,"column":76},"skip":true},"33":{"start":{"line":131,"column":12},"end":{"line":131,"column":73},"skip":true},"34":{"start":{"line":132,"column":12},"end":{"line":132,"column":74},"skip":true},"35":{"start":{"line":133,"column":12},"end":{"line":133,"column":79},"skip":true},"36":{"start":{"line":134,"column":12},"end":{"line":134,"column":25},"skip":true},"37":{"start":{"line":135,"column":12},"end":{"line":135,"column":45},"skip":true},"38":{"start":{"line":138,"column":8},"end":{"line":145,"column":14},"skip":true},"39":{"start":{"line":143,"column":16},"end":{"line":143,"column":29},"skip":true},"40":{"start":{"line":144,"column":16},"end":{"line":144,"column":55},"skip":true},"41":{"start":{"line":147,"column":8},"end":{"line":156,"column":10},"skip":true},"42":{"start":{"line":154,"column":12},"end":{"line":154,"column":25},"skip":true},"43":{"start":{"line":155,"column":12},"end":{"line":155,"column":45},"skip":true},"44":{"start":{"line":158,"column":8},"end":{"line":167,"column":10},"skip":true},"45":{"start":{"line":165,"column":12},"end":{"line":165,"column":25},"skip":true},"46":{"start":{"line":166,"column":12},"end":{"line":166,"column":48},"skip":true},"47":{"start":{"line":169,"column":8},"end":{"line":178,"column":10},"skip":true},"48":{"start":{"line":176,"column":12},"end":{"line":176,"column":25},"skip":true},"49":{"start":{"line":177,"column":12},"end":{"line":177,"column":46},"skip":true},"50":{"start":{"line":180,"column":8},"end":{"line":189,"column":10},"skip":true},"51":{"start":{"line":187,"column":12},"end":{"line":187,"column":94},"skip":true},"52":{"start":{"line":188,"column":12},"end":{"line":188,"column":48},"skip":true},"53":{"start":{"line":192,"column":8},"end":{"line":192,"column":35},"skip":true},"54":{"start":{"line":193,"column":8},"end":{"line":193,"column":14},"skip":true}},"branchMap":{"1":{"line":25,"type":"binary-expr","locations":[{"start":{"line":25,"column":23},"end":{"line":25,"column":62}},{"start":{"line":26,"column":20},"end":{"line":26,"column":70}},{"start":{"line":27,"column":20},"end":{"line":27,"column":71}},{"start":{"line":28,"column":20},"end":{"line":28,"column":29}}]},"2":{"line":30,"type":"binary-expr","locations":[{"start":{"line":30,"column":23},"end":{"line":30,"column":37}},{"start":{"line":31,"column":20},"end":{"line":31,"column":61}},{"start":{"line":32,"column":20},"end":{"line":32,"column":70}},{"start":{"line":33,"column":20},"end":{"line":33,"column":26}}]},"3":{"line":37,"type":"cond-expr","locations":[{"start":{"line":38,"column":14},"end":{"line":38,"column":20}},{"start":{"line":39,"column":14},"end":{"line":39,"column":20}}]},"4":{"line":40,"type":"switch","locations":[{"start":{"line":42,"column":8},"end":{"line":47,"column":18}},{"start":{"line":49,"column":8},"end":{"line":52,"column":18}}]},"5":{"line":44,"type":"binary-expr","locations":[{"start":{"line":44,"column":16},"end":{"line":44,"column":44}},{"start":{"line":44,"column":48},"end":{"line":44,"column":66}}]},"6":{"line":50,"type":"binary-expr","locations":[{"start":{"line":50,"column":21},"end":{"line":50,"column":49}},{"start":{"line":50,"column":53},"end":{"line":50,"column":72}}]},"7":{"line":64,"type":"switch","locations":[{"start":{"line":69,"column":4},"end":{"line":70,"column":14}},{"start":{"line":75,"column":4},"end":{"line":76,"column":14}}]},"8":{"line":85,"type":"switch","locations":[{"start":{"line":90,"column":4},"end":{"line":105,"column":14}},{"start":{"line":111,"column":4},"end":{"line":193,"column":14},"skip":true}]},"9":{"line":91,"type":"binary-expr","locations":[{"start":{"line":91,"column":42},"end":{"line":91,"column":73}},{"start":{"line":91,"column":77},"end":{"line":99,"column":9}}]},"10":{"line":102,"type":"binary-expr","locations":[{"start":{"line":102,"column":18},"end":{"line":102,"column":32}},{"start":{"line":103,"column":12},"end":{"line":103,"column":53}},{"start":{"line":104,"column":12},"end":{"line":104,"column":61}}]},"11":{"line":112,"type":"binary-expr","locations":[{"start":{"line":112,"column":45},"end":{"line":112,"column":79},"skip":true},{"start":{"line":112,"column":83},"end":{"line":121,"column":9},"skip":true}]},"12":{"line":123,"type":"binary-expr","locations":[{"start":{"line":123,"column":42},"end":{"line":123,"column":73},"skip":true},{"start":{"line":123,"column":77},"end":{"line":136,"column":9},"skip":true}]},"13":{"line":138,"type":"binary-expr","locations":[{"start":{"line":138,"column":48},"end":{"line":138,"column":85},"skip":true},{"start":{"line":139,"column":12},"end":{"line":145,"column":13},"skip":true}]},"14":{"line":147,"type":"binary-expr","locations":[{"start":{"line":147,"column":42},"end":{"line":147,"column":73},"skip":true},{"start":{"line":147,"column":77},"end":{"line":156,"column":9},"skip":true}]},"15":{"line":158,"type":"binary-expr","locations":[{"start":{"line":158,"column":45},"end":{"line":158,"column":79},"skip":true},{"start":{"line":158,"column":83},"end":{"line":167,"column":9},"skip":true}]},"16":{"line":169,"type":"binary-expr","locations":[{"start":{"line":169,"column":43},"end":{"line":169,"column":75},"skip":true},{"start":{"line":169,"column":79},"end":{"line":178,"column":9},"skip":true}]},"17":{"line":180,"type":"binary-expr","locations":[{"start":{"line":180,"column":41},"end":{"line":180,"column":71},"skip":true},{"start":{"line":180,"column":75},"end":{"line":189,"column":9},"skip":true}]}},"code":["/* istanbul instrument in package npmtest_jest_cli */","/*jslint","    bitwise: true,","    browser: true,","    maxerr: 8,","    maxlen: 96,","    node: true,","    nomen: true,","    regexp: true,","    stupid: true","*/","(function () {","    'use strict';","    var local;","","","","    // run shared js-env code - init-before","    (function () {","        // init local","        local = {};","        // init modeJs","        local.modeJs = (function () {","            try {","                return typeof navigator.userAgent === 'string' &&","                    typeof document.querySelector('body') === 'object' &&","                    typeof XMLHttpRequest.prototype.open === 'function' &&","                    'browser';","            } catch (errorCaughtBrowser) {","                return module.exports &&","                    typeof process.versions.node === 'string' &&","                    typeof require('http').createServer === 'function' &&","                    'node';","            }","        }());","        // init global","        local.global = local.modeJs === 'browser'","            ? window","            : global;","        switch (local.modeJs) {","        // re-init local from window.local","        case 'browser':","            local = local.global.utility2.objectSetDefault(","                local.global.utility2_rollup || local.global.local,","                local.global.utility2","            );","            break;","        // re-init local from example.js","        case 'node':","            local = (local.global.utility2_rollup || require('utility2'))","                .requireReadme();","            break;","        }","        // export local","        local.global.local = local;","    }());","","","","    // run shared js-env code - function","    (function () {","        return;","    }());","    switch (local.modeJs) {","","","","    // run browser js-env code - function","    case 'browser':","        break;","","","","    // run node js-env code - function","    case 'node':","        break;","    }","","","","    // run shared js-env code - init-after","    (function () {","        return;","    }());","    switch (local.modeJs) {","","","","    // run browser js-env code - init-after","    case 'browser':","        local.testCase_browser_nullCase = local.testCase_browser_nullCase || function (","            options,","            onError","        ) {","        /*","         * this function will test browsers's null-case handling-behavior-behavior","         */","            onError(null, options);","        };","","        // run tests","        local.nop(local.modeTest &&","            document.querySelector('#testRunButton1') &&","            document.querySelector('#testRunButton1').click());","        break;","","","","    // run node js-env code - init-after","    /* istanbul ignore next */","    case 'node':","        local.testCase_buildApidoc_default = local.testCase_buildApidoc_default || function (","            options,","            onError","        ) {","        /*","         * this function will test buildApidoc's default handling-behavior-behavior","         */","            options = { modulePathList: module.paths };","            local.buildApidoc(options, onError);","        };","","        local.testCase_buildApp_default = local.testCase_buildApp_default || function (","            options,","            onError","        ) {","        /*","         * this function will test buildApp's default handling-behavior-behavior","         */","            local.testCase_buildReadme_default(options, local.onErrorThrow);","            local.testCase_buildLib_default(options, local.onErrorThrow);","            local.testCase_buildTest_default(options, local.onErrorThrow);","            local.testCase_buildCustomOrg_default(options, local.onErrorThrow);","            options = [];","            local.buildApp(options, onError);","        };","","        local.testCase_buildCustomOrg_default = local.testCase_buildCustomOrg_default ||","            function (options, onError) {","            /*","             * this function will test buildCustomOrg's default handling-behavior","             */","                options = {};","                local.buildCustomOrg(options, onError);","            };","","        local.testCase_buildLib_default = local.testCase_buildLib_default || function (","            options,","            onError","        ) {","        /*","         * this function will test buildLib's default handling-behavior","         */","            options = {};","            local.buildLib(options, onError);","        };","","        local.testCase_buildReadme_default = local.testCase_buildReadme_default || function (","            options,","            onError","        ) {","        /*","         * this function will test buildReadme's default handling-behavior-behavior","         */","            options = {};","            local.buildReadme(options, onError);","        };","","        local.testCase_buildTest_default = local.testCase_buildTest_default || function (","            options,","            onError","        ) {","        /*","         * this function will test buildTest's default handling-behavior","         */","            options = {};","            local.buildTest(options, onError);","        };","","        local.testCase_webpage_default = local.testCase_webpage_default || function (","            options,","            onError","        ) {","        /*","         * this function will test webpage's default handling-behavior","         */","            options = { modeCoverageMerge: true, url: local.serverLocalHost + '?modeTest=1' };","            local.browserTest(options, onError);","        };","","        // run test-server","        local.testRunServer(local);","        break;","    }","}());",""],"l":{"12":2,"14":2,"19":2,"21":2,"23":2,"24":2,"25":2,"30":1,"37":2,"40":2,"43":1,"47":1,"50":1,"52":1,"55":2,"61":2,"62":2,"64":2,"70":1,"76":1,"82":2,"83":2,"85":2,"91":1,"98":1,"102":1,"105":1,"112":1,"119":1,"120":1,"123":1,"130":1,"131":1,"132":1,"133":1,"134":1,"135":1,"138":1,"143":2,"144":2,"147":1,"154":2,"155":2,"158":1,"165":2,"166":2,"169":1,"176":2,"177":2,"180":1,"187":1,"188":1,"192":1,"193":1}},"/home/travis/build/npmtest/node-npmtest-jest-cli/lib.npmtest_jest_cli.js":{"path":"/home/travis/build/npmtest/node-npmtest-jest-cli/lib.npmtest_jest_cli.js","s":{"1":2,"2":2,"3":2,"4":2,"5":2,"6":2,"7":2,"8":1,"9":2,"10":2,"11":2,"12":2,"13":1,"14":1,"15":1,"16":1},"b":{"1":[2,1,1,1],"2":[1,1,1,1],"3":[1,1],"4":[2,2],"5":[1,1]},"f":{"1":2,"2":2,"3":2},"fnMap":{"1":{"name":"(anonymous_1)","line":12,"loc":{"start":{"line":12,"column":1},"end":{"line":12,"column":13}}},"2":{"name":"(anonymous_2)","line":19,"loc":{"start":{"line":19,"column":5},"end":{"line":19,"column":17}}},"3":{"name":"(anonymous_3)","line":23,"loc":{"start":{"line":23,"column":24},"end":{"line":23,"column":36}}}},"statementMap":{"1":{"start":{"line":12,"column":0},"end":{"line":53,"column":5}},"2":{"start":{"line":14,"column":4},"end":{"line":14,"column":14}},"3":{"start":{"line":19,"column":4},"end":{"line":52,"column":9}},"4":{"start":{"line":21,"column":8},"end":{"line":21,"column":19}},"5":{"start":{"line":23,"column":8},"end":{"line":35,"column":13}},"6":{"start":{"line":24,"column":12},"end":{"line":34,"column":13}},"7":{"start":{"line":25,"column":16},"end":{"line":28,"column":30}},"8":{"start":{"line":30,"column":16},"end":{"line":33,"column":27}},"9":{"start":{"line":37,"column":8},"end":{"line":39,"column":21}},"10":{"start":{"line":41,"column":8},"end":{"line":41,"column":54}},"11":{"start":{"line":43,"column":8},"end":{"line":43,"column":53}},"12":{"start":{"line":45,"column":8},"end":{"line":51,"column":9}},"13":{"start":{"line":46,"column":12},"end":{"line":46,"column":59}},"14":{"start":{"line":48,"column":12},"end":{"line":48,"column":35}},"15":{"start":{"line":49,"column":12},"end":{"line":49,"column":49}},"16":{"start":{"line":50,"column":12},"end":{"line":50,"column":43}}},"branchMap":{"1":{"line":25,"type":"binary-expr","locations":[{"start":{"line":25,"column":23},"end":{"line":25,"column":62}},{"start":{"line":26,"column":20},"end":{"line":26,"column":70}},{"start":{"line":27,"column":20},"end":{"line":27,"column":71}},{"start":{"line":28,"column":20},"end":{"line":28,"column":29}}]},"2":{"line":30,"type":"binary-expr","locations":[{"start":{"line":30,"column":23},"end":{"line":30,"column":37}},{"start":{"line":31,"column":20},"end":{"line":31,"column":61}},{"start":{"line":32,"column":20},"end":{"line":32,"column":70}},{"start":{"line":33,"column":20},"end":{"line":33,"column":26}}]},"3":{"line":37,"type":"cond-expr","locations":[{"start":{"line":38,"column":14},"end":{"line":38,"column":20}},{"start":{"line":39,"column":14},"end":{"line":39,"column":20}}]},"4":{"line":41,"type":"binary-expr","locations":[{"start":{"line":41,"column":16},"end":{"line":41,"column":44}},{"start":{"line":41,"column":48},"end":{"line":41,"column":53}}]},"5":{"line":45,"type":"if","locations":[{"start":{"line":45,"column":8},"end":{"line":45,"column":8}},{"start":{"line":45,"column":8},"end":{"line":45,"column":8}}]}},"code":["/* istanbul instrument in package npmtest_jest_cli */","/*jslint","    bitwise: true,","    browser: true,","    maxerr: 8,","    maxlen: 96,","    node: true,","    nomen: true,","    regexp: true,","    stupid: true","*/","(function () {","    'use strict';","    var local;","","","","    // run shared js-env code - init-before","    (function () {","        // init local","        local = {};","        // init modeJs","        local.modeJs = (function () {","            try {","                return typeof navigator.userAgent === 'string' &&","                    typeof document.querySelector('body') === 'object' &&","                    typeof XMLHttpRequest.prototype.open === 'function' &&","                    'browser';","            } catch (errorCaughtBrowser) {","                return module.exports &&","                    typeof process.versions.node === 'string' &&","                    typeof require('http').createServer === 'function' &&","                    'node';","            }","        }());","        // init global","        local.global = local.modeJs === 'browser'","            ? window","            : global;","        // init utility2_rollup","        local = local.global.utility2_rollup || local;","        // init lib","        local.local = local.npmtest_jest_cli = local;","        // init exports","        if (local.modeJs === 'browser') {","            local.global.utility2_npmtest_jest_cli = local;","        } else {","            module.exports = local;","            module.exports.__dirname = __dirname;","            module.exports.module = module;","        }","    }());","}());",""],"l":{"12":2,"14":2,"19":2,"21":2,"23":2,"24":2,"25":2,"30":1,"37":2,"41":2,"43":2,"45":2,"46":1,"48":1,"49":1,"50":1}},"/home/travis/build/npmtest/node-npmtest-jest-cli/example.js":{"path":"/home/travis/build/npmtest/node-npmtest-jest-cli/example.js","s":{"1":2,"2":2,"3":2,"4":2,"5":2,"6":2,"7":2,"8":1,"9":2,"10":2,"11":2,"12":2,"13":1,"14":2,"15":2,"16":2,"17":2,"18":2,"19":0,"20":2,"21":1,"22":1,"23":1,"24":1,"25":1,"26":0,"27":0,"28":1,"29":1,"30":2,"31":0,"32":0,"33":0,"34":1,"35":2,"36":2,"37":3,"38":3,"39":3,"40":3,"41":0,"42":3,"43":3,"44":3,"45":1,"46":3,"47":1,"48":1,"49":1,"50":1,"51":1,"52":1,"53":1,"54":1,"55":1,"56":1,"57":0,"58":1,"59":6,"60":6,"61":1,"62":2,"63":0,"64":2,"65":1,"66":1,"67":0,"68":0,"69":0,"70":0,"71":0,"72":0,"73":0,"74":0,"75":0,"76":0,"77":0,"78":0,"79":0,"80":0,"81":0,"82":0,"83":0},"b":{"1":[2,1,1,1],"2":[1,1,1,1],"3":[1,1],"4":[2,2],"5":[1,1],"6":[1,1],"7":[2,0],"8":[2,1,1,1,1,1],"9":[0,2,0],"10":[1,1],"11":[2,1,1],"12":[1,0],"13":[0,2],"14":[2,0,0,0,0,0,0],"15":[0,3],"16":[3,0],"17":[1,1],"18":[0,1],"19":[1,2,0,2],"20":[1,0],"21":[1,1],"22":[0,0],"23":[0,0],"24":[0,0],"25":[0,0],"26":[0,0],"27":[0,0],"28":[0,0]},"f":{"1":2,"2":2,"3":2,"4":2,"5":2,"6":2,"7":3,"8":3,"9":3,"10":1,"11":6,"12":0},"fnMap":{"1":{"name":"(anonymous_1)","line":26,"loc":{"start":{"line":26,"column":1},"end":{"line":26,"column":13}}},"2":{"name":"(anonymous_2)","line":33,"loc":{"start":{"line":33,"column":5},"end":{"line":33,"column":17}}},"3":{"name":"(anonymous_3)","line":37,"loc":{"start":{"line":37,"column":24},"end":{"line":37,"column":36}}},"4":{"name":"(anonymous_4)","line":69,"loc":{"start":{"line":69,"column":31},"end":{"line":69,"column":48}},"skip":true},"5":{"name":"(anonymous_5)","line":78,"loc":{"start":{"line":78,"column":26},"end":{"line":78,"column":45}},"skip":true},"6":{"name":"(anonymous_6)","line":123,"loc":{"start":{"line":123,"column":33},"end":{"line":123,"column":48}},"skip":true},"7":{"name":"(anonymous_7)","line":125,"loc":{"start":{"line":125,"column":27},"end":{"line":125,"column":39}},"skip":true},"8":{"name":"(anonymous_8)","line":133,"loc":{"start":{"line":133,"column":59},"end":{"line":133,"column":74}},"skip":true},"9":{"name":"(anonymous_9)","line":143,"loc":{"start":{"line":143,"column":45},"end":{"line":143,"column":62}},"skip":true},"10":{"name":"(anonymous_10)","line":144,"loc":{"start":{"line":144,"column":73},"end":{"line":144,"column":92}},"skip":true},"11":{"name":"(anonymous_11)","line":272,"loc":{"start":{"line":272,"column":51},"end":{"line":272,"column":77}},"skip":true},"12":{"name":"(anonymous_12)","line":315,"loc":{"start":{"line":315,"column":32},"end":{"line":315,"column":61}},"skip":true}},"statementMap":{"1":{"start":{"line":26,"column":0},"end":{"line":326,"column":5}},"2":{"start":{"line":28,"column":4},"end":{"line":28,"column":14}},"3":{"start":{"line":33,"column":4},"end":{"line":60,"column":9}},"4":{"start":{"line":35,"column":8},"end":{"line":35,"column":19}},"5":{"start":{"line":37,"column":8},"end":{"line":49,"column":13}},"6":{"start":{"line":38,"column":12},"end":{"line":48,"column":13}},"7":{"start":{"line":39,"column":16},"end":{"line":42,"column":30}},"8":{"start":{"line":44,"column":16},"end":{"line":47,"column":27}},"9":{"start":{"line":51,"column":8},"end":{"line":53,"column":21}},"10":{"start":{"line":55,"column":8},"end":{"line":57,"column":45}},"11":{"start":{"line":59,"column":8},"end":{"line":59,"column":35}},"12":{"start":{"line":61,"column":4},"end":{"line":325,"column":5}},"13":{"start":{"line":69,"column":8},"end":{"line":121,"column":10},"skip":true},"14":{"start":{"line":70,"column":12},"end":{"line":88,"column":13},"skip":true},"15":{"start":{"line":76,"column":16},"end":{"line":87,"column":19},"skip":true},"16":{"start":{"line":79,"column":20},"end":{"line":86,"column":21},"skip":true},"17":{"start":{"line":82,"column":24},"end":{"line":82,"column":43},"skip":true},"18":{"start":{"line":83,"column":24},"end":{"line":83,"column":30},"skip":true},"19":{"start":{"line":85,"column":24},"end":{"line":85,"column":49},"skip":true},"20":{"start":{"line":89,"column":12},"end":{"line":107,"column":13},"skip":true},"21":{"start":{"line":92,"column":16},"end":{"line":102,"column":17},"skip":true},"22":{"start":{"line":93,"column":20},"end":{"line":93,"column":86},"skip":true},"23":{"start":{"line":94,"column":20},"end":{"line":95,"column":45},"skip":true},"24":{"start":{"line":96,"column":20},"end":{"line":96,"column":42},"skip":true},"25":{"start":{"line":97,"column":20},"end":{"line":97,"column":48},"skip":true},"26":{"start":{"line":100,"column":20},"end":{"line":100,"column":85},"skip":true},"27":{"start":{"line":101,"column":20},"end":{"line":101,"column":96},"skip":true},"28":{"start":{"line":103,"column":16},"end":{"line":103,"column":22},"skip":true},"29":{"start":{"line":106,"column":16},"end":{"line":106,"column":22},"skip":true},"30":{"start":{"line":108,"column":12},"end":{"line":120,"column":13},"skip":true},"31":{"start":{"line":114,"column":16},"end":{"line":119,"column":17},"skip":true},"32":{"start":{"line":116,"column":20},"end":{"line":116,"column":78},"skip":true},"33":{"start":{"line":118,"column":20},"end":{"line":118,"column":47},"skip":true},"34":{"start":{"line":123,"column":8},"end":{"line":141,"column":11},"skip":true},"35":{"start":{"line":124,"column":12},"end":{"line":124,"column":54},"skip":true},"36":{"start":{"line":125,"column":12},"end":{"line":140,"column":14},"skip":true},"37":{"start":{"line":126,"column":16},"end":{"line":126,"column":28},"skip":true},"38":{"start":{"line":127,"column":16},"end":{"line":127,"column":69},"skip":true},"39":{"start":{"line":128,"column":16},"end":{"line":128,"column":75},"skip":true},"40":{"start":{"line":129,"column":16},"end":{"line":131,"column":17},"skip":true},"41":{"start":{"line":130,"column":20},"end":{"line":130,"column":27},"skip":true},"42":{"start":{"line":133,"column":16},"end":{"line":137,"column":36},"skip":true},"43":{"start":{"line":134,"column":20},"end":{"line":136,"column":55},"skip":true},"44":{"start":{"line":139,"column":16},"end":{"line":139,"column":57},"skip":true},"45":{"start":{"line":143,"column":8},"end":{"line":147,"column":11},"skip":true},"46":{"start":{"line":144,"column":12},"end":{"line":146,"column":15},"skip":true},"47":{"start":{"line":145,"column":16},"end":{"line":145,"column":70},"skip":true},"48":{"start":{"line":149,"column":8},"end":{"line":149,"column":31},"skip":true},"49":{"start":{"line":150,"column":8},"end":{"line":150,"column":14},"skip":true},"50":{"start":{"line":158,"column":8},"end":{"line":158,"column":31},"skip":true},"51":{"start":{"line":160,"column":8},"end":{"line":160,"column":33},"skip":true},"52":{"start":{"line":161,"column":8},"end":{"line":161,"column":37},"skip":true},"53":{"start":{"line":162,"column":8},"end":{"line":162,"column":35},"skip":true},"54":{"start":{"line":164,"column":8},"end":{"line":164,"column":50},"skip":true},"55":{"start":{"line":166,"column":8},"end":{"line":256,"column":2},"skip":true},"56":{"start":{"line":258,"column":8},"end":{"line":286,"column":9},"skip":true},"57":{"start":{"line":259,"column":12},"end":{"line":269,"column":14},"skip":true},"58":{"start":{"line":271,"column":12},"end":{"line":285,"column":19},"skip":true},"59":{"start":{"line":274,"column":20},"end":{"line":274,"column":35},"skip":true},"60":{"start":{"line":275,"column":20},"end":{"line":284,"column":21},"skip":true},"61":{"start":{"line":277,"column":24},"end":{"line":277,"column":64},"skip":true},"62":{"start":{"line":279,"column":24},"end":{"line":279,"column":40},"skip":true},"63":{"start":{"line":281,"column":24},"end":{"line":281,"column":40},"skip":true},"64":{"start":{"line":283,"column":24},"end":{"line":283,"column":39},"skip":true},"65":{"start":{"line":288,"column":8},"end":{"line":290,"column":9},"skip":true},"66":{"start":{"line":289,"column":12},"end":{"line":289,"column":18},"skip":true},"67":{"start":{"line":291,"column":8},"end":{"line":293,"column":54},"skip":true},"68":{"start":{"line":296,"column":8},"end":{"line":301,"column":37},"skip":true},"69":{"start":{"line":303,"column":8},"end":{"line":303,"column":82},"skip":true},"70":{"start":{"line":306,"column":8},"end":{"line":308,"column":9},"skip":true},"71":{"start":{"line":307,"column":12},"end":{"line":307,"column":82},"skip":true},"72":{"start":{"line":310,"column":8},"end":{"line":312,"column":9},"skip":true},"73":{"start":{"line":311,"column":12},"end":{"line":311,"column":18},"skip":true},"74":{"start":{"line":313,"column":8},"end":{"line":313,"column":54},"skip":true},"75":{"start":{"line":314,"column":8},"end":{"line":314,"column":69},"skip":true},"76":{"start":{"line":315,"column":8},"end":{"line":323,"column":36},"skip":true},"77":{"start":{"line":316,"column":12},"end":{"line":316,"column":61},"skip":true},"78":{"start":{"line":317,"column":12},"end":{"line":320,"column":13},"skip":true},"79":{"start":{"line":318,"column":16},"end":{"line":318,"column":75},"skip":true},"80":{"start":{"line":319,"column":16},"end":{"line":319,"column":23},"skip":true},"81":{"start":{"line":321,"column":12},"end":{"line":321,"column":38},"skip":true},"82":{"start":{"line":322,"column":12},"end":{"line":322,"column":27},"skip":true},"83":{"start":{"line":324,"column":8},"end":{"line":324,"column":14},"skip":true}},"branchMap":{"1":{"line":39,"type":"binary-expr","locations":[{"start":{"line":39,"column":23},"end":{"line":39,"column":62}},{"start":{"line":40,"column":20},"end":{"line":40,"column":70}},{"start":{"line":41,"column":20},"end":{"line":41,"column":71}},{"start":{"line":42,"column":20},"end":{"line":42,"column":29}}]},"2":{"line":44,"type":"binary-expr","locations":[{"start":{"line":44,"column":23},"end":{"line":44,"column":37}},{"start":{"line":45,"column":20},"end":{"line":45,"column":61}},{"start":{"line":46,"column":20},"end":{"line":46,"column":70}},{"start":{"line":47,"column":20},"end":{"line":47,"column":26}}]},"3":{"line":51,"type":"cond-expr","locations":[{"start":{"line":52,"column":14},"end":{"line":52,"column":20}},{"start":{"line":53,"column":14},"end":{"line":53,"column":20}}]},"4":{"line":55,"type":"binary-expr","locations":[{"start":{"line":55,"column":16},"end":{"line":55,"column":44}},{"start":{"line":55,"column":49},"end":{"line":57,"column":43}}]},"5":{"line":55,"type":"cond-expr","locations":[{"start":{"line":56,"column":14},"end":{"line":56,"column":52}},{"start":{"line":57,"column":14},"end":{"line":57,"column":43}}]},"6":{"line":61,"type":"switch","locations":[{"start":{"line":68,"column":4},"end":{"line":150,"column":14},"skip":true},{"start":{"line":156,"column":4},"end":{"line":324,"column":14},"skip":true}]},"7":{"line":70,"type":"if","locations":[{"start":{"line":70,"column":12},"end":{"line":70,"column":12},"skip":true},{"start":{"line":70,"column":12},"end":{"line":70,"column":12},"skip":true}]},"8":{"line":70,"type":"binary-expr","locations":[{"start":{"line":70,"column":16},"end":{"line":70,"column":22},"skip":true},{"start":{"line":70,"column":27},"end":{"line":70,"column":32},"skip":true},{"start":{"line":71,"column":20},"end":{"line":71,"column":39},"skip":true},{"start":{"line":72,"column":20},"end":{"line":72,"column":49},"skip":true},{"start":{"line":73,"column":20},"end":{"line":73,"column":58},"skip":true},{"start":{"line":74,"column":20},"end":{"line":74,"column":69},"skip":true}]},"9":{"line":79,"type":"switch","locations":[{"start":{"line":80,"column":20},"end":{"line":80,"column":33},"skip":true},{"start":{"line":81,"column":20},"end":{"line":83,"column":30},"skip":true},{"start":{"line":84,"column":20},"end":{"line":85,"column":49},"skip":true}]},"10":{"line":89,"type":"switch","locations":[{"start":{"line":90,"column":12},"end":{"line":103,"column":22},"skip":true},{"start":{"line":105,"column":12},"end":{"line":106,"column":22},"skip":true}]},"11":{"line":89,"type":"binary-expr","locations":[{"start":{"line":89,"column":20},"end":{"line":89,"column":25},"skip":true},{"start":{"line":89,"column":29},"end":{"line":89,"column":48},"skip":true},{"start":{"line":89,"column":52},"end":{"line":89,"column":74},"skip":true}]},"12":{"line":92,"type":"if","locations":[{"start":{"line":92,"column":16},"end":{"line":92,"column":16},"skip":true},{"start":{"line":92,"column":16},"end":{"line":92,"column":16},"skip":true}]},"13":{"line":108,"type":"if","locations":[{"start":{"line":108,"column":12},"end":{"line":108,"column":12},"skip":true},{"start":{"line":108,"column":12},"end":{"line":108,"column":12},"skip":true}]},"14":{"line":108,"type":"binary-expr","locations":[{"start":{"line":108,"column":16},"end":{"line":108,"column":61},"skip":true},{"start":{"line":108,"column":66},"end":{"line":108,"column":72},"skip":true},{"start":{"line":108,"column":77},"end":{"line":108,"column":82},"skip":true},{"start":{"line":109,"column":20},"end":{"line":109,"column":39},"skip":true},{"start":{"line":110,"column":20},"end":{"line":110,"column":49},"skip":true},{"start":{"line":111,"column":20},"end":{"line":111,"column":58},"skip":true},{"start":{"line":112,"column":20},"end":{"line":112,"column":68},"skip":true}]},"15":{"line":129,"type":"if","locations":[{"start":{"line":129,"column":16},"end":{"line":129,"column":16},"skip":true},{"start":{"line":129,"column":16},"end":{"line":129,"column":16},"skip":true}]},"16":{"line":134,"type":"cond-expr","locations":[{"start":{"line":135,"column":26},"end":{"line":135,"column":29},"skip":true},{"start":{"line":136,"column":26},"end":{"line":136,"column":54},"skip":true}]},"17":{"line":164,"type":"binary-expr","locations":[{"start":{"line":164,"column":27},"end":{"line":164,"column":43},"skip":true},{"start":{"line":164,"column":47},"end":{"line":164,"column":49},"skip":true}]},"18":{"line":258,"type":"if","locations":[{"start":{"line":258,"column":8},"end":{"line":258,"column":8},"skip":true},{"start":{"line":258,"column":8},"end":{"line":258,"column":8},"skip":true}]},"19":{"line":275,"type":"switch","locations":[{"start":{"line":276,"column":20},"end":{"line":277,"column":64},"skip":true},{"start":{"line":278,"column":20},"end":{"line":279,"column":40},"skip":true},{"start":{"line":280,"column":20},"end":{"line":281,"column":40},"skip":true},{"start":{"line":282,"column":20},"end":{"line":283,"column":39},"skip":true}]},"20":{"line":288,"type":"if","locations":[{"start":{"line":288,"column":8},"end":{"line":288,"column":8},"skip":true},{"start":{"line":288,"column":8},"end":{"line":288,"column":8},"skip":true}]},"21":{"line":288,"type":"binary-expr","locations":[{"start":{"line":288,"column":12},"end":{"line":288,"column":40},"skip":true},{"start":{"line":288,"column":44},"end":{"line":288,"column":67},"skip":true}]},"22":{"line":292,"type":"binary-expr","locations":[{"start":{"line":292,"column":12},"end":{"line":292,"column":50},"skip":true},{"start":{"line":293,"column":12},"end":{"line":293,"column":53},"skip":true}]},"23":{"line":297,"type":"binary-expr","locations":[{"start":{"line":297,"column":12},"end":{"line":297,"column":66},"skip":true},{"start":{"line":298,"column":12},"end":{"line":301,"column":36},"skip":true}]},"24":{"line":303,"type":"binary-expr","locations":[{"start":{"line":303,"column":43},"end":{"line":303,"column":75},"skip":true},{"start":{"line":303,"column":79},"end":{"line":303,"column":81},"skip":true}]},"25":{"line":306,"type":"if","locations":[{"start":{"line":306,"column":8},"end":{"line":306,"column":8},"skip":true},{"start":{"line":306,"column":8},"end":{"line":306,"column":8},"skip":true}]},"26":{"line":310,"type":"if","locations":[{"start":{"line":310,"column":8},"end":{"line":310,"column":8},"skip":true},{"start":{"line":310,"column":8},"end":{"line":310,"column":8},"skip":true}]},"27":{"line":313,"type":"binary-expr","locations":[{"start":{"line":313,"column":27},"end":{"line":313,"column":43},"skip":true},{"start":{"line":313,"column":47},"end":{"line":313,"column":53},"skip":true}]},"28":{"line":317,"type":"if","locations":[{"start":{"line":317,"column":12},"end":{"line":317,"column":12},"skip":true},{"start":{"line":317,"column":12},"end":{"line":317,"column":12},"skip":true}]}},"code":["/*","example.js","","quickstart example","","instruction","    1. save this script as example.js","    2. run the shell command:","        $ npm install npmtest-jest-cli && PORT=8081 node example.js","    3. play with the browser-demo on http://127.0.0.1:8081","*/","","","","/* istanbul instrument in package npmtest_jest_cli */","/*jslint","    bitwise: true,","    browser: true,","    maxerr: 8,","    maxlen: 96,","    node: true,","    nomen: true,","    regexp: true,","    stupid: true","*/","(function () {","    'use strict';","    var local;","","","","    // run shared js-env code - init-before","    (function () {","        // init local","        local = {};","        // init modeJs","        local.modeJs = (function () {","            try {","                return typeof navigator.userAgent === 'string' &&","                    typeof document.querySelector('body') === 'object' &&","                    typeof XMLHttpRequest.prototype.open === 'function' &&","                    'browser';","            } catch (errorCaughtBrowser) {","                return module.exports &&","                    typeof process.versions.node === 'string' &&","                    typeof require('http').createServer === 'function' &&","                    'node';","            }","        }());","        // init global","        local.global = local.modeJs === 'browser'","            ? window","            : global;","        // init utility2_rollup","        local = local.global.utility2_rollup || (local.modeJs === 'browser'","            ? local.global.utility2_npmtest_jest_cli","            : global.utility2_moduleExports);","        // export local","        local.global.local = local;","    }());","    switch (local.modeJs) {","","","","    // init-after","    // run browser js-env code - init-after","    /* istanbul ignore next */","    case 'browser':","        local.testRunBrowser = function (event) {","            if (!event || (event &&","                    event.currentTarget &&","                    event.currentTarget.className &&","                    event.currentTarget.className.includes &&","                    event.currentTarget.className.includes('onreset'))) {","                // reset output","                Array.from(","                    document.querySelectorAll('body > .resettable')","                ).forEach(function (element) {","                    switch (element.tagName) {","                    case 'INPUT':","                    case 'TEXTAREA':","                        element.value = '';","                        break;","                    default:","                        element.textContent = '';","                    }","                });","            }","            switch (event && event.currentTarget && event.currentTarget.id) {","            case 'testRunButton1':","                // show tests","                if (document.querySelector('#testReportDiv1').style.display === 'none') {","                    document.querySelector('#testReportDiv1').style.display = 'block';","                    document.querySelector('#testRunButton1').textContent =","                        'hide internal test';","                    local.modeTest = true;","                    local.testRunDefault(local);","                // hide tests","                } else {","                    document.querySelector('#testReportDiv1').style.display = 'none';","                    document.querySelector('#testRunButton1').textContent = 'run internal test';","                }","                break;","            // custom-case","            default:","                break;","            }","            if (document.querySelector('#inputTextareaEval1') && (!event || (event &&","                    event.currentTarget &&","                    event.currentTarget.className &&","                    event.currentTarget.className.includes &&","                    event.currentTarget.className.includes('oneval')))) {","                // try to eval input-code","                try {","                    /*jslint evil: true*/","                    eval(document.querySelector('#inputTextareaEval1').value);","                } catch (errorCaught) {","                    console.error(errorCaught);","                }","            }","        };","        // log stderr and stdout to #outputTextareaStdout1","        ['error', 'log'].forEach(function (key) {","            console[key + '_original'] = console[key];","            console[key] = function () {","                var element;","                console[key + '_original'].apply(console, arguments);","                element = document.querySelector('#outputTextareaStdout1');","                if (!element) {","                    return;","                }","                // append text to #outputTextareaStdout1","                element.value += Array.from(arguments).map(function (arg) {","                    return typeof arg === 'string'","                        ? arg","                        : JSON.stringify(arg, null, 4);","                }).join(' ') + '\\n';","                // scroll textarea to bottom","                element.scrollTop = element.scrollHeight;","            };","        });","        // init event-handling","        ['change', 'click', 'keyup'].forEach(function (event) {","            Array.from(document.querySelectorAll('.on' + event)).forEach(function (element) {","                element.addEventListener(event, local.testRunBrowser);","            });","        });","        // run tests","        local.testRunBrowser();","        break;","","","","    // run node js-env code - init-after","    /* istanbul ignore next */","    case 'node':","        // export local","        module.exports = local;","        // require modules","        local.fs = require('fs');","        local.http = require('http');","        local.url = require('url');","        // init assets","        local.assetsDict = local.assetsDict || {};","        /* jslint-ignore-begin */","        local.assetsDict['/assets.index.template.html'] = '\\","<!doctype html>\\n\\","<html lang=\"en\">\\n\\","<head>\\n\\","<meta charset=\"UTF-8\">\\n\\","<meta name=\"viewport\" content=\"width=device-width, initial-scale=1\">\\n\\","<title>{{env.npm_package_name}} (v{{env.npm_package_version}})</title>\\n\\","<style>\\n\\","/*csslint\\n\\","    box-sizing: false,\\n\\","    universal-selector: false\\n\\","*/\\n\\","* {\\n\\","    box-sizing: border-box;\\n\\","}\\n\\","body {\\n\\","    background: #dde;\\n\\","    font-family: Arial, Helvetica, sans-serif;\\n\\","    margin: 2rem;\\n\\","}\\n\\","body > * {\\n\\","    margin-bottom: 1rem;\\n\\","}\\n\\",".utility2FooterDiv {\\n\\","    margin-top: 20px;\\n\\","    text-align: center;\\n\\","}\\n\\","</style>\\n\\","<style>\\n\\","/*csslint\\n\\","*/\\n\\","textarea {\\n\\","    font-family: monospace;\\n\\","    height: 10rem;\\n\\","    width: 100%;\\n\\","}\\n\\","textarea[readonly] {\\n\\","    background: #ddd;\\n\\","}\\n\\","</style>\\n\\","</head>\\n\\","<body>\\n\\","<!-- utility2-comment\\n\\","<div id=\"ajaxProgressDiv1\" style=\"background: #d00; height: 2px; left: 0; margin: 0; padding: 0; position: fixed; top: 0; transition: background 0.5s, width 1.5s; width: 25%;\"></div>\\n\\","utility2-comment -->\\n\\","<h1>\\n\\","<!-- utility2-comment\\n\\","    <a\\n\\","        {{#if env.npm_package_homepage}}\\n\\","        href=\"{{env.npm_package_homepage}}\"\\n\\","        {{/if env.npm_package_homepage}}\\n\\","        target=\"_blank\"\\n\\","    >\\n\\","utility2-comment -->\\n\\","        {{env.npm_package_name}} (v{{env.npm_package_version}})\\n\\","<!-- utility2-comment\\n\\","    </a>\\n\\","utility2-comment -->\\n\\","</h1>\\n\\","<h3>{{env.npm_package_description}}</h3>\\n\\","<!-- utility2-comment\\n\\","<h4><a download href=\"assets.app.js\">download standalone app</a></h4>\\n\\","<button class=\"onclick onreset\" id=\"testRunButton1\">run internal test</button><br>\\n\\","<div id=\"testReportDiv1\" style=\"display: none;\"></div>\\n\\","utility2-comment -->\\n\\","\\n\\","\\n\\","\\n\\","<label>stderr and stdout</label>\\n\\","<textarea class=\"resettable\" id=\"outputTextareaStdout1\" readonly></textarea>\\n\\","<!-- utility2-comment\\n\\","{{#if isRollup}}\\n\\","<script src=\"assets.app.js\"></script>\\n\\","{{#unless isRollup}}\\n\\","utility2-comment -->\\n\\","<script src=\"assets.utility2.rollup.js\"></script>\\n\\","<script src=\"jsonp.utility2._stateInit?callback=window.utility2._stateInit\"></script>\\n\\","<script src=\"assets.npmtest_jest_cli.rollup.js\"></script>\\n\\","<script src=\"assets.example.js\"></script>\\n\\","<script src=\"assets.test.js\"></script>\\n\\","<!-- utility2-comment\\n\\","{{/if isRollup}}\\n\\","utility2-comment -->\\n\\","<div class=\"utility2FooterDiv\">\\n\\","    [ this app was created with\\n\\","    <a href=\"https://github.com/kaizhu256/node-utility2\" target=\"_blank\">utility2</a>\\n\\","    ]\\n\\","</div>\\n\\","</body>\\n\\","</html>\\n\\","';","        /* jslint-ignore-end */","        if (local.templateRender) {","            local.assetsDict['/'] = local.templateRender(","                local.assetsDict['/assets.index.template.html'],","                {","                    env: local.objectSetDefault(local.env, {","                        npm_package_description: 'the greatest app in the world!',","                        npm_package_name: 'my-app',","                        npm_package_nameAlias: 'my_app',","                        npm_package_version: '0.0.1'","                    })","                }","            );","        } else {","            local.assetsDict['/'] = local.assetsDict['/assets.index.template.html']","                .replace((/\\{\\{env\\.(\\w+?)\\}\\}/g), function (match0, match1) {","                    // jslint-hack","                    String(match0);","                    switch (match1) {","                    case 'npm_package_description':","                        return 'the greatest app in the world!';","                    case 'npm_package_name':","                        return 'my-app';","                    case 'npm_package_nameAlias':","                        return 'my_app';","                    case 'npm_package_version':","                        return '0.0.1';","                    }","                });","        }","        // run the cli","        if (local.global.utility2_rollup || module !== require.main) {","            break;","        }","        local.assetsDict['/assets.example.js'] =","            local.assetsDict['/assets.example.js'] ||","            local.fs.readFileSync(__filename, 'utf8');","        // bug-workaround - long $npm_package_buildCustomOrg","        /* jslint-ignore-begin */","        local.assetsDict['/assets.npmtest_jest_cli.rollup.js'] =","            local.assetsDict['/assets.npmtest_jest_cli.rollup.js'] ||","            local.fs.readFileSync(","                local.npmtest_jest_cli.__dirname + '/lib.npmtest_jest_cli.js',","                'utf8'","            ).replace((/^#!/), '//');","        /* jslint-ignore-end */","        local.assetsDict['/favicon.ico'] = local.assetsDict['/favicon.ico'] || '';","        // if $npm_config_timeout_exit exists,","        // then exit this process after $npm_config_timeout_exit ms","        if (Number(process.env.npm_config_timeout_exit)) {","            setTimeout(process.exit, Number(process.env.npm_config_timeout_exit));","        }","        // start server","        if (local.global.utility2_serverHttp1) {","            break;","        }","        process.env.PORT = process.env.PORT || '8081';","        console.error('server starting on port ' + process.env.PORT);","        local.http.createServer(function (request, response) {","            request.urlParsed = local.url.parse(request.url);","            if (local.assetsDict[request.urlParsed.pathname] !== undefined) {","                response.end(local.assetsDict[request.urlParsed.pathname]);","                return;","            }","            response.statusCode = 404;","            response.end();","        }).listen(process.env.PORT);","        break;","    }","}());",""],"l":{"26":2,"28":2,"33":2,"35":2,"37":2,"38":2,"39":2,"44":1,"51":2,"55":2,"59":2,"61":2,"69":1,"70":2,"76":2,"79":2,"82":2,"83":2,"85":1,"89":2,"92":1,"93":1,"94":1,"96":1,"97":1,"100":1,"101":1,"103":1,"106":1,"108":2,"114":1,"116":1,"118":1,"123":1,"124":2,"125":2,"126":3,"127":3,"128":3,"129":3,"130":1,"133":3,"134":3,"139":3,"143":1,"144":3,"145":1,"149":1,"150":1,"158":1,"160":1,"161":1,"162":1,"164":1,"166":1,"258":1,"259":1,"271":1,"274":6,"275":6,"277":1,"279":2,"281":1,"283":2,"288":1,"289":1,"291":1,"296":1,"303":1,"306":1,"307":1,"310":1,"311":1,"313":1,"314":1,"315":1,"316":1,"317":1,"318":1,"319":1,"321":1,"322":1,"324":1}},"/home/travis/build/npmtest/node-npmtest-jest-cli/node_modules/jest-cli/build/jest.js":{"path":"/home/travis/build/npmtest/node-npmtest-jest-cli/node_modules/jest-cli/build/jest.js","s":{"1":2,"2":2,"3":2,"4":2,"5":2,"6":2,"7":2,"8":2,"9":2,"10":2,"11":2,"12":2,"13":2,"14":2,"15":2,"16":2,"17":0,"18":0,"19":0,"20":0,"21":0,"22":0,"23":0,"24":0,"25":0,"26":0,"27":0,"28":0,"29":0,"30":0,"31":0,"32":0,"33":0,"34":0,"35":0,"36":0,"37":0,"38":0,"39":0,"40":0,"41":0,"42":0,"43":0,"44":0,"45":0,"46":0,"47":0,"48":0,"49":0,"50":0,"51":0},"b":{"1":[0,0],"2":[0,0],"3":[0,0],"4":[0,0],"5":[0,0],"6":[0,0],"7":[0,0]},"f":{},"fnMap":{},"statementMap":{"1":{"start":{"line":15,"column":0},"end":{"line":15,"column":29}},"2":{"start":{"line":16,"column":0},"end":{"line":16,"column":34}},"3":{"start":{"line":17,"column":0},"end":{"line":17,"column":23}},"4":{"start":{"line":19,"column":0},"end":{"line":19,"column":40}},"5":{"start":{"line":20,"column":0},"end":{"line":20,"column":47}},"6":{"start":{"line":21,"column":0},"end":{"line":21,"column":43}},"7":{"start":{"line":23,"column":0},"end":{"line":23,"column":31}},"8":{"start":{"line":23,"column":31},"end":{"line":24,"column":21}},"9":{"start":{"line":24,"column":21},"end":{"line":24,"column":85}},"10":{"start":{"line":24,"column":85},"end":{"line":25,"column":21}},"11":{"start":{"line":25,"column":21},"end":{"line":25,"column":71}},"12":{"start":{"line":26,"column":0},"end":{"line":26,"column":63}},"13":{"start":{"line":27,"column":0},"end":{"line":27,"column":53}},"14":{"start":{"line":28,"column":0},"end":{"line":28,"column":59}},"15":{"start":{"line":29,"column":0},"end":{"line":29,"column":49}},"16":{"start":{"line":30,"column":0},"end":{"line":30,"column":53}},"17":{"start":{"line":30,"column":53},"end":{"line":31,"column":17}},"18":{"start":{"line":31,"column":17},"end":{"line":31,"column":43}},"19":{"start":{"line":32,"column":0},"end":{"line":32,"column":37}},"20":{"start":{"line":33,"column":0},"end":{"line":33,"column":45}},"21":{"start":{"line":34,"column":0},"end":{"line":34,"column":33}},"22":{"start":{"line":36,"column":0},"end":{"line":36,"column":51}},"23":{"start":{"line":38,"column":0},"end":{"line":111,"column":2}},"24":{"start":{"line":43,"column":2},"end":{"line":43,"column":59}},"25":{"start":{"line":44,"column":2},"end":{"line":44,"column":20}},"26":{"start":{"line":45,"column":2},"end":{"line":49,"column":3}},"27":{"start":{"line":46,"column":4},"end":{"line":46,"column":32}},"28":{"start":{"line":47,"column":4},"end":{"line":47,"column":31}},"29":{"start":{"line":48,"column":4},"end":{"line":48,"column":11}},"30":{"start":{"line":51,"column":2},"end":{"line":110,"column":5}},"31":{"start":{"line":58,"column":3},"end":{"line":58,"column":81}},"32":{"start":{"line":59,"column":4},"end":{"line":61,"column":5}},"33":{"start":{"line":60,"column":6},"end":{"line":60,"column":37}},"34":{"start":{"line":63,"column":4},"end":{"line":63,"column":43}},"35":{"start":{"line":64,"column":4},"end":{"line":68,"column":29}},"36":{"start":{"line":71,"column":4},"end":{"line":103,"column":7}},"37":{"start":{"line":72,"column":16},"end":{"line":72,"column":52}},"38":{"start":{"line":74,"column":6},"end":{"line":74,"column":18}},"39":{"start":{"line":78,"column":6},"end":{"line":102,"column":7}},"40":{"start":{"line":79,"column":8},"end":{"line":85,"column":32}},"41":{"start":{"line":88,"column":8},"end":{"line":100,"column":10}},"42":{"start":{"line":89,"column":10},"end":{"line":89,"column":36}},"43":{"start":{"line":90,"column":10},"end":{"line":90,"column":70}},"44":{"start":{"line":91,"column":10},"end":{"line":98,"column":22}},"45":{"start":{"line":101,"column":8},"end":{"line":101,"column":26}},"46":{"start":{"line":106,"column":4},"end":{"line":106,"column":30}},"47":{"start":{"line":107,"column":4},"end":{"line":107,"column":30}},"48":{"start":{"line":108,"column":4},"end":{"line":108,"column":42}},"49":{"start":{"line":109,"column":4},"end":{"line":109,"column":20}},"50":{"start":{"line":113,"column":0},"end":{"line":119,"column":11}},"51":{"start":{"line":117,"column":20},"end":{"line":117,"column":27}}},"branchMap":{"1":{"line":43,"type":"cond-expr","locations":[{"start":{"line":43,"column":27},"end":{"line":43,"column":41}},{"start":{"line":43,"column":44},"end":{"line":43,"column":58}}]},"2":{"line":44,"type":"binary-expr","locations":[{"start":{"line":44,"column":9},"end":{"line":44,"column":13}},{"start":{"line":44,"column":17},"end":{"line":44,"column":19}}]},"3":{"line":45,"type":"if","locations":[{"start":{"line":45,"column":2},"end":{"line":45,"column":2}},{"start":{"line":45,"column":2},"end":{"line":45,"column":2}}]},"4":{"line":47,"type":"binary-expr","locations":[{"start":{"line":47,"column":4},"end":{"line":47,"column":14}},{"start":{"line":47,"column":18},"end":{"line":47,"column":30}}]},"5":{"line":59,"type":"if","locations":[{"start":{"line":59,"column":4},"end":{"line":59,"column":4}},{"start":{"line":59,"column":4},"end":{"line":59,"column":4}}]},"6":{"line":78,"type":"if","locations":[{"start":{"line":78,"column":6},"end":{"line":78,"column":6}},{"start":{"line":78,"column":6},"end":{"line":78,"column":6}}]},"7":{"line":78,"type":"binary-expr","locations":[{"start":{"line":78,"column":10},"end":{"line":78,"column":20}},{"start":{"line":78,"column":24},"end":{"line":78,"column":37}}]}},"code":["/**"," * Copyright (c) 2014-present, Facebook, Inc. All rights reserved."," *"," * This source code is licensed under the BSD-style license found in the"," * LICENSE file in the root directory of this source tree. An additional grant"," * of patent rights can be found in the PATENTS file in the same directory."," *"," * "," */","'use strict';","","","","","const realFs = require('fs');","const fs = require('graceful-fs');","fs.gracefulify(realFs);","","const Runtime = require('jest-runtime');","const SearchSource = require('./SearchSource');","const TestRunner = require('./TestRunner');","","const chalk = require('chalk');var _require =","require('jest-util');const Console = _require.Console,clearLine = _require.clearLine;var _require2 =","require('jest-util');const createDirectory = _require2.createDirectory;","const createHasteContext = require('./lib/createHasteContext');","const getMaxWorkers = require('./lib/getMaxWorkers');","const logDebugMessages = require('./lib/logDebugMessages');","const preRunMessage = require('./preRunMessage');","const readConfig = require('jest-config').readConfig;var _require3 =","require('./cli');const run = _require3.run;","const runJest = require('./runJest');","const TestWatcher = require('./TestWatcher');","const watch = require('./watch');","","const VERSION = require('../package.json').version;","","const runCLI = (","argv,","root,","onComplete) =>","{","  const pipe = argv.json ? process.stderr : process.stdout;","  argv = argv || {};","  if (argv.version) {","    pipe.write(`v${VERSION}\\n`);","    onComplete && onComplete();","    return;","  }","","  readConfig(argv, root).","  then((_ref) =>","","","","","","  {let config = _ref.config,hasDeprecationWarnings = _ref.hasDeprecationWarnings;","    if (argv.debug) {","      logDebugMessages(config, pipe);","    }","","    createDirectory(config.cacheDirectory);","    const jestHasteMap = Runtime.createHasteMap(config, {","      console: new Console(pipe, pipe),","      maxWorkers: getMaxWorkers(argv),","      resetCache: !config.cache,","      watch: config.watch });","","","    return jestHasteMap.build().then(","    hasteMap => createHasteContext(config, hasteMap),","    error => {","      throw error;","    }).","","    then(hasteContext => {","      if (argv.watch || argv.watchAll) {","        return watch(","        config,","        pipe,","        argv,","        jestHasteMap,","        hasteContext,","        hasDeprecationWarnings);","","      } else {","        const startRun = () => {","          preRunMessage.print(pipe);","          const testWatcher = new TestWatcher({ isWatchMode: false });","          return runJest(","          hasteContext,","          config,","          argv,","          pipe,","          testWatcher,","          startRun,","          onComplete);","","        };","        return startRun();","      }","    });","  }).","  catch(error => {","    clearLine(process.stderr);","    clearLine(process.stdout);","    console.error(chalk.red(error.stack));","    process.exit(1);","  });","};","","module.exports = {","  SearchSource,","  TestRunner,","  TestWatcher,","  getVersion: () => VERSION,","  run,","  runCLI };"],"l":{"15":2,"16":2,"17":2,"19":2,"20":2,"21":2,"23":2,"24":2,"25":2,"26":2,"27":2,"28":2,"29":2,"30":2,"31":0,"32":0,"33":0,"34":0,"36":0,"38":0,"43":0,"44":0,"45":0,"46":0,"47":0,"48":0,"51":0,"58":0,"59":0,"60":0,"63":0,"64":0,"71":0,"72":0,"74":0,"78":0,"79":0,"88":0,"89":0,"90":0,"91":0,"101":0,"106":0,"107":0,"108":0,"109":0,"113":0,"117":0}},"/home/travis/build/npmtest/node-npmtest-jest-cli/node_modules/jest-cli/build/SearchSource.js":{"path":"/home/travis/build/npmtest/node-npmtest-jest-cli/node_modules/jest-cli/build/SearchSource.js","s":{"1":1,"2":1,"3":0,"4":0,"5":0,"6":0,"7":0,"8":0,"9":0,"10":0,"11":0,"12":0,"13":0,"14":0,"15":0,"16":0,"17":0,"18":0,"19":0,"20":1,"21":0,"22":0,"23":0,"24":0,"25":0,"26":1,"27":1,"28":1,"29":1,"30":1,"31":1,"32":1,"33":1,"34":1,"35":1,"36":0,"37":1,"38":0,"39":1,"40":0,"41":1,"42":0,"43":0,"44":0,"45":0,"46":0,"47":0,"48":0,"49":0,"50":1,"51":0,"52":0,"53":0,"54":0,"55":0,"56":0,"57":0,"58":0,"59":0,"60":0,"61":0,"62":0,"63":0,"64":0,"65":0,"66":0,"67":0,"68":0,"69":0,"70":0,"71":0,"72":0,"73":0,"74":0,"75":0,"76":0,"77":0,"78":0,"79":0,"80":0,"81":0,"82":0,"83":0,"84":0,"85":0,"86":0,"87":0,"88":0,"89":0,"90":0,"91":0,"92":0,"93":0,"94":0,"95":0,"96":0,"97":0,"98":0,"99":0,"100":0,"101":0,"102":0,"103":0,"104":0,"105":0,"106":0,"107":0,"108":0,"109":0,"110":0,"111":0,"112":0,"113":0,"114":0,"115":0,"116":0,"117":0,"118":0,"119":0,"120":0,"121":0,"122":0,"123":0,"124":0,"125":0,"126":0,"127":1},"b":{"1":[0,0],"2":[0,0],"3":[0,0],"4":[0,0],"5":[0,0],"6":[0,0],"7":[0,0],"8":[0,0],"9":[0,0],"10":[0,0],"11":[0,0],"12":[0,0],"13":[0,0],"14":[0,0],"15":[0,0],"16":[0,0],"17":[0,0],"18":[0,0],"19":[0,0],"20":[0,0],"21":[0,0],"22":[0,0],"23":[0,0],"24":[0,0],"25":[0,0],"26":[0,0],"27":[0,0],"28":[0,0],"29":[0,0],"30":[0,0],"31":[0,0],"32":[0,0],"33":[0,0],"34":[0,0],"35":[0,0],"36":[0,0],"37":[0,0],"38":[0,0],"39":[0,0],"40":[0,0]},"f":{"1":1,"2":0,"3":0,"4":0,"5":0,"6":0,"7":0,"8":0,"9":0,"10":0,"11":0,"12":0,"13":0,"14":0},"fnMap":{"1":{"name":"(anonymous_1)","line":11,"loc":{"start":{"line":11,"column":34},"end":{"line":11,"column":46}}},"2":{"name":"sliceIterator","line":11,"loc":{"start":{"line":11,"column":47},"end":{"line":11,"column":78}}},"3":{"name":"(anonymous_3)","line":11,"loc":{"start":{"line":11,"column":426},"end":{"line":11,"column":444}}},"4":{"name":"(anonymous_4)","line":106,"loc":{"start":{"line":106,"column":13},"end":{"line":110,"column":2}}},"5":{"name":"(anonymous_5)","line":137,"loc":{"start":{"line":137,"column":27},"end":{"line":140,"column":2}}},"6":{"name":"(anonymous_6)","line":167,"loc":{"start":{"line":167,"column":18},"end":{"line":169,"column":2}}},"7":{"name":"(anonymous_7)","line":176,"loc":{"start":{"line":176,"column":16},"end":{"line":176,"column":23}}},"8":{"name":"(anonymous_8)","line":182,"loc":{"start":{"line":182,"column":19},"end":{"line":184,"column":2}}},"9":{"name":"(anonymous_9)","line":188,"loc":{"start":{"line":188,"column":18},"end":{"line":188,"column":29}}},"10":{"name":"(anonymous_10)","line":204,"loc":{"start":{"line":204,"column":29},"end":{"line":206,"column":2}}},"11":{"name":"(anonymous_11)","line":214,"loc":{"start":{"line":214,"column":18},"end":{"line":214,"column":28}}},"12":{"name":"(anonymous_12)","line":233,"loc":{"start":{"line":233,"column":24},"end":{"line":237,"column":2}}},"13":{"name":"(anonymous_13)","line":275,"loc":{"start":{"line":275,"column":14},"end":{"line":275,"column":28}}},"14":{"name":"(anonymous_14)","line":291,"loc":{"start":{"line":291,"column":27},"end":{"line":291,"column":41}}}},"statementMap":{"1":{"start":{"line":11,"column":13},"end":{"line":11,"column":645}},"2":{"start":{"line":11,"column":47},"end":{"line":11,"column":419}},"3":{"start":{"line":11,"column":79},"end":{"line":11,"column":93}},"4":{"start":{"line":11,"column":93},"end":{"line":11,"column":107}},"5":{"start":{"line":11,"column":107},"end":{"line":11,"column":122}},"6":{"start":{"line":11,"column":122},"end":{"line":11,"column":141}},"7":{"start":{"line":11,"column":141},"end":{"line":11,"column":406}},"8":{"start":{"line":11,"column":146},"end":{"line":11,"column":286}},"9":{"start":{"line":11,"column":231},"end":{"line":11,"column":251}},"10":{"start":{"line":11,"column":251},"end":{"line":11,"column":285}},"11":{"start":{"line":11,"column":279},"end":{"line":11,"column":285}},"12":{"start":{"line":11,"column":301},"end":{"line":11,"column":311}},"13":{"start":{"line":11,"column":311},"end":{"line":11,"column":320}},"14":{"start":{"line":11,"column":331},"end":{"line":11,"column":405}},"15":{"start":{"line":11,"column":336},"end":{"line":11,"column":376}},"16":{"start":{"line":11,"column":361},"end":{"line":11,"column":376}},"17":{"start":{"line":11,"column":387},"end":{"line":11,"column":404}},"18":{"start":{"line":11,"column":395},"end":{"line":11,"column":404}},"19":{"start":{"line":11,"column":406},"end":{"line":11,"column":418}},"20":{"start":{"line":11,"column":419},"end":{"line":11,"column":641}},"21":{"start":{"line":11,"column":445},"end":{"line":11,"column":639}},"22":{"start":{"line":11,"column":470},"end":{"line":11,"column":481}},"23":{"start":{"line":11,"column":488},"end":{"line":11,"column":639}},"24":{"start":{"line":11,"column":525},"end":{"line":11,"column":554}},"25":{"start":{"line":11,"column":562},"end":{"line":11,"column":638}},"26":{"start":{"line":18,"column":0},"end":{"line":18,"column":41}},"27":{"start":{"line":20,"column":0},"end":{"line":20,"column":64}},"28":{"start":{"line":22,"column":0},"end":{"line":22,"column":31}},"29":{"start":{"line":23,"column":0},"end":{"line":23,"column":51}},"30":{"start":{"line":24,"column":0},"end":{"line":24,"column":29}},"31":{"start":{"line":24,"column":29},"end":{"line":28,"column":27}},"32":{"start":{"line":28,"column":27},"end":{"line":28,"column":139}},"33":{"start":{"line":61,"column":0},"end":{"line":61,"column":29}},"34":{"start":{"line":62,"column":0},"end":{"line":62,"column":27}},"35":{"start":{"line":64,"column":0},"end":{"line":66,"column":26}},"36":{"start":{"line":64,"column":29},"end":{"line":66,"column":25}},"37":{"start":{"line":68,"column":0},"end":{"line":68,"column":51}},"38":{"start":{"line":68,"column":25},"end":{"line":68,"column":50}},"39":{"start":{"line":69,"column":0},"end":{"line":73,"column":47}},"40":{"start":{"line":73,"column":0},"end":{"line":73,"column":46}},"41":{"start":{"line":75,"column":0},"end":{"line":82,"column":2}},"42":{"start":{"line":76,"column":2},"end":{"line":78,"column":3}},"43":{"start":{"line":77,"column":4},"end":{"line":77,"column":22}},"44":{"start":{"line":77,"column":17},"end":{"line":77,"column":21}},"45":{"start":{"line":80,"column":2},"end":{"line":80,"column":63}},"46":{"start":{"line":80,"column":37},"end":{"line":80,"column":61}},"47":{"start":{"line":81,"column":2},"end":{"line":81,"column":51}},"48":{"start":{"line":81,"column":17},"end":{"line":81,"column":50}},"49":{"start":{"line":81,"column":39},"end":{"line":81,"column":49}},"50":{"start":{"line":84,"column":0},"end":{"line":91,"column":2}},"51":{"start":{"line":85,"column":2},"end":{"line":87,"column":3}},"52":{"start":{"line":86,"column":4},"end":{"line":86,"column":22}},"53":{"start":{"line":86,"column":17},"end":{"line":86,"column":21}},"54":{"start":{"line":89,"column":2},"end":{"line":89,"column":51}},"55":{"start":{"line":90,"column":2},"end":{"line":90,"column":34}},"56":{"start":{"line":90,"column":17},"end":{"line":90,"column":33}},"57":{"start":{"line":111,"column":4},"end":{"line":111,"column":34}},"58":{"start":{"line":112,"column":4},"end":{"line":112,"column":26}},"59":{"start":{"line":113,"column":4},"end":{"line":114,"column":34}},"60":{"start":{"line":117,"column":4},"end":{"line":120,"column":15}},"61":{"start":{"line":119,"column":11},"end":{"line":119,"column":34}},"62":{"start":{"line":122,"column":4},"end":{"line":122,"column":56}},"63":{"start":{"line":123,"column":4},"end":{"line":124,"column":70}},"64":{"start":{"line":126,"column":4},"end":{"line":133,"column":52}},"65":{"start":{"line":127,"column":21},"end":{"line":127,"column":49}},"66":{"start":{"line":130,"column":6},"end":{"line":131,"column":41}},"67":{"start":{"line":141,"column":4},"end":{"line":144,"column":31}},"68":{"start":{"line":147,"column":4},"end":{"line":147,"column":61}},"69":{"start":{"line":148,"column":4},"end":{"line":151,"column":5}},"70":{"start":{"line":149,"column":6},"end":{"line":149,"column":53}},"71":{"start":{"line":150,"column":6},"end":{"line":150,"column":59}},"72":{"start":{"line":150,"column":42},"end":{"line":150,"column":58}},"73":{"start":{"line":153,"column":4},"end":{"line":162,"column":7}},"74":{"start":{"line":154,"column":6},"end":{"line":161,"column":15}},"75":{"start":{"line":155,"column":8},"end":{"line":158,"column":9}},"76":{"start":{"line":156,"column":10},"end":{"line":156,"column":51}},"77":{"start":{"line":157,"column":10},"end":{"line":157,"column":30}},"78":{"start":{"line":159,"column":8},"end":{"line":159,"column":47}},"79":{"start":{"line":160,"column":8},"end":{"line":160,"column":21}},"80":{"start":{"line":164,"column":4},"end":{"line":164,"column":16}},"81":{"start":{"line":170,"column":4},"end":{"line":172,"column":21}},"82":{"start":{"line":177,"column":4},"end":{"line":178,"column":36}},"83":{"start":{"line":178,"column":4},"end":{"line":178,"column":34}},"84":{"start":{"line":185,"column":4},"end":{"line":185,"column":50}},"85":{"start":{"line":189,"column":4},"end":{"line":191,"column":32}},"86":{"start":{"line":193,"column":4},"end":{"line":198,"column":66}},"87":{"start":{"line":207,"column":4},"end":{"line":210,"column":5}},"88":{"start":{"line":208,"column":6},"end":{"line":208,"column":75}},"89":{"start":{"line":208,"column":43},"end":{"line":208,"column":73}},"90":{"start":{"line":209,"column":6},"end":{"line":209,"column":59}},"91":{"start":{"line":211,"column":4},"end":{"line":211,"column":25}},"92":{"start":{"line":215,"column":4},"end":{"line":230,"column":7}},"93":{"start":{"line":217,"column":6},"end":{"line":222,"column":7}},"94":{"start":{"line":217,"column":34},"end":{"line":217,"column":70}},"95":{"start":{"line":217,"column":70},"end":{"line":217,"column":111}},"96":{"start":{"line":217,"column":111},"end":{"line":217,"column":136}},"97":{"start":{"line":218,"column":8},"end":{"line":220,"column":22}},"98":{"start":{"line":223,"column":6},"end":{"line":228,"column":67}},"99":{"start":{"line":223,"column":59},"end":{"line":223,"column":96}},"100":{"start":{"line":223,"column":96},"end":{"line":223,"column":137}},"101":{"start":{"line":224,"column":8},"end":{"line":226,"column":45}},"102":{"start":{"line":227,"column":34},"end":{"line":228,"column":65}},"103":{"start":{"line":238,"column":4},"end":{"line":249,"column":5}},"104":{"start":{"line":239,"column":6},"end":{"line":246,"column":52}},"105":{"start":{"line":251,"column":4},"end":{"line":251,"column":73}},"106":{"start":{"line":252,"column":4},"end":{"line":252,"column":35}},"107":{"start":{"line":253,"column":4},"end":{"line":260,"column":39}},"108":{"start":{"line":254,"column":6},"end":{"line":254,"column":78}},"109":{"start":{"line":255,"column":6},"end":{"line":258,"column":7}},"110":{"start":{"line":256,"column":8},"end":{"line":256,"column":61}},"111":{"start":{"line":257,"column":8},"end":{"line":257,"column":63}},"112":{"start":{"line":259,"column":6},"end":{"line":259,"column":18}},"113":{"start":{"line":260,"column":22},"end":{"line":260,"column":26}},"114":{"start":{"line":262,"column":4},"end":{"line":270,"column":78}},"115":{"start":{"line":276,"column":4},"end":{"line":288,"column":5}},"116":{"start":{"line":277,"column":6},"end":{"line":277,"column":75}},"117":{"start":{"line":278,"column":11},"end":{"line":288,"column":5}},"118":{"start":{"line":279,"column":6},"end":{"line":280,"column":59}},"119":{"start":{"line":282,"column":11},"end":{"line":288,"column":5}},"120":{"start":{"line":283,"column":6},"end":{"line":284,"column":59}},"121":{"start":{"line":287,"column":6},"end":{"line":287,"column":44}},"122":{"start":{"line":292,"column":4},"end":{"line":292,"column":48}},"123":{"start":{"line":293,"column":4},"end":{"line":293,"column":36}},"124":{"start":{"line":294,"column":4},"end":{"line":294,"column":50}},"125":{"start":{"line":295,"column":4},"end":{"line":297,"column":23}},"126":{"start":{"line":298,"column":4},"end":{"line":298,"column":65}},"127":{"start":{"line":303,"column":0},"end":{"line":303,"column":30}}},"branchMap":{"1":{"line":11,"type":"if","locations":[{"start":{"line":11,"column":251},"end":{"line":11,"column":251}},{"start":{"line":11,"column":251},"end":{"line":11,"column":251}}]},"2":{"line":11,"type":"binary-expr","locations":[{"start":{"line":11,"column":255},"end":{"line":11,"column":256}},{"start":{"line":11,"column":260},"end":{"line":11,"column":277}}]},"3":{"line":11,"type":"if","locations":[{"start":{"line":11,"column":336},"end":{"line":11,"column":336}},{"start":{"line":11,"column":336},"end":{"line":11,"column":336}}]},"4":{"line":11,"type":"binary-expr","locations":[{"start":{"line":11,"column":340},"end":{"line":11,"column":343}},{"start":{"line":11,"column":347},"end":{"line":11,"column":359}}]},"5":{"line":11,"type":"if","locations":[{"start":{"line":11,"column":387},"end":{"line":11,"column":387}},{"start":{"line":11,"column":387},"end":{"line":11,"column":387}}]},"6":{"line":11,"type":"if","locations":[{"start":{"line":11,"column":445},"end":{"line":11,"column":445}},{"start":{"line":11,"column":445},"end":{"line":11,"column":445}}]},"7":{"line":11,"type":"if","locations":[{"start":{"line":11,"column":488},"end":{"line":11,"column":488}},{"start":{"line":11,"column":488},"end":{"line":11,"column":488}}]},"8":{"line":73,"type":"cond-expr","locations":[{"start":{"line":73,"column":33},"end":{"line":73,"column":35}},{"start":{"line":73,"column":38},"end":{"line":73,"column":44}}]},"9":{"line":76,"type":"if","locations":[{"start":{"line":76,"column":2},"end":{"line":76,"column":2}},{"start":{"line":76,"column":2},"end":{"line":76,"column":2}}]},"10":{"line":76,"type":"binary-expr","locations":[{"start":{"line":76,"column":6},"end":{"line":76,"column":19}},{"start":{"line":76,"column":23},"end":{"line":76,"column":41}}]},"11":{"line":85,"type":"if","locations":[{"start":{"line":85,"column":2},"end":{"line":85,"column":2}},{"start":{"line":85,"column":2},"end":{"line":85,"column":2}}]},"12":{"line":113,"type":"binary-expr","locations":[{"start":{"line":113,"column":20},"end":{"line":113,"column":27}},{"start":{"line":113,"column":31},"end":{"line":114,"column":33}}]},"13":{"line":124,"type":"cond-expr","locations":[{"start":{"line":124,"column":27},"end":{"line":124,"column":62}},{"start":{"line":124,"column":65},"end":{"line":124,"column":69}}]},"14":{"line":130,"type":"binary-expr","locations":[{"start":{"line":130,"column":6},"end":{"line":130,"column":30}},{"start":{"line":131,"column":6},"end":{"line":131,"column":41}}]},"15":{"line":148,"type":"if","locations":[{"start":{"line":148,"column":4},"end":{"line":148,"column":4}},{"start":{"line":148,"column":4},"end":{"line":148,"column":4}}]},"16":{"line":155,"type":"if","locations":[{"start":{"line":155,"column":8},"end":{"line":155,"column":8}},{"start":{"line":155,"column":8},"end":{"line":155,"column":8}}]},"17":{"line":156,"type":"binary-expr","locations":[{"start":{"line":156,"column":28},"end":{"line":156,"column":45}},{"start":{"line":156,"column":49},"end":{"line":156,"column":50}}]},"18":{"line":157,"type":"binary-expr","locations":[{"start":{"line":157,"column":17},"end":{"line":157,"column":21}},{"start":{"line":157,"column":25},"end":{"line":157,"column":29}}]},"19":{"line":159,"type":"binary-expr","locations":[{"start":{"line":159,"column":26},"end":{"line":159,"column":41}},{"start":{"line":159,"column":45},"end":{"line":159,"column":46}}]},"20":{"line":207,"type":"if","locations":[{"start":{"line":207,"column":4},"end":{"line":207,"column":4}},{"start":{"line":207,"column":4},"end":{"line":207,"column":4}}]},"21":{"line":207,"type":"binary-expr","locations":[{"start":{"line":207,"column":8},"end":{"line":207,"column":28}},{"start":{"line":207,"column":32},"end":{"line":207,"column":44}}]},"22":{"line":217,"type":"if","locations":[{"start":{"line":217,"column":6},"end":{"line":217,"column":6}},{"start":{"line":217,"column":6},"end":{"line":217,"column":6}}]},"23":{"line":217,"type":"binary-expr","locations":[{"start":{"line":217,"column":118},"end":{"line":217,"column":125}},{"start":{"line":217,"column":129},"end":{"line":217,"column":135}}]},"24":{"line":224,"type":"cond-expr","locations":[{"start":{"line":225,"column":8},"end":{"line":225,"column":46}},{"start":{"line":226,"column":8},"end":{"line":226,"column":44}}]},"25":{"line":238,"type":"if","locations":[{"start":{"line":238,"column":4},"end":{"line":238,"column":4}},{"start":{"line":238,"column":4},"end":{"line":238,"column":4}}]},"26":{"line":244,"type":"cond-expr","locations":[{"start":{"line":245,"column":8},"end":{"line":245,"column":68}},{"start":{"line":246,"column":8},"end":{"line":246,"column":49}}]},"27":{"line":252,"type":"binary-expr","locations":[{"start":{"line":252,"column":18},"end":{"line":252,"column":28}},{"start":{"line":252,"column":32},"end":{"line":252,"column":34}}]},"28":{"line":254,"type":"cond-expr","locations":[{"start":{"line":254,"column":48},"end":{"line":254,"column":63}},{"start":{"line":254,"column":66},"end":{"line":254,"column":77}}]},"29":{"line":255,"type":"if","locations":[{"start":{"line":255,"column":6},"end":{"line":255,"column":6}},{"start":{"line":255,"column":6},"end":{"line":255,"column":6}}]},"30":{"line":264,"type":"cond-expr","locations":[{"start":{"line":265,"column":6},"end":{"line":266,"column":18}},{"start":{"line":267,"column":6},"end":{"line":270,"column":75}}]},"31":{"line":265,"type":"binary-expr","locations":[{"start":{"line":265,"column":29},"end":{"line":265,"column":39}},{"start":{"line":265,"column":43},"end":{"line":265,"column":44}}]},"32":{"line":276,"type":"if","locations":[{"start":{"line":276,"column":4},"end":{"line":276,"column":4}},{"start":{"line":276,"column":4},"end":{"line":276,"column":4}}]},"33":{"line":278,"type":"if","locations":[{"start":{"line":278,"column":11},"end":{"line":278,"column":11}},{"start":{"line":278,"column":11},"end":{"line":278,"column":11}}]},"34":{"line":278,"type":"binary-expr","locations":[{"start":{"line":278,"column":15},"end":{"line":278,"column":43}},{"start":{"line":278,"column":47},"end":{"line":278,"column":64}}]},"35":{"line":282,"type":"if","locations":[{"start":{"line":282,"column":11},"end":{"line":282,"column":11}},{"start":{"line":282,"column":11},"end":{"line":282,"column":11}}]},"36":{"line":294,"type":"binary-expr","locations":[{"start":{"line":294,"column":33},"end":{"line":294,"column":40}},{"start":{"line":294,"column":44},"end":{"line":294,"column":46}}]},"37":{"line":295,"type":"cond-expr","locations":[{"start":{"line":296,"column":4},"end":{"line":296,"column":22}},{"start":{"line":297,"column":4},"end":{"line":297,"column":22}}]},"38":{"line":296,"type":"binary-expr","locations":[{"start":{"line":296,"column":8},"end":{"line":296,"column":13}},{"start":{"line":296,"column":17},"end":{"line":296,"column":19}}]},"39":{"line":297,"type":"binary-expr","locations":[{"start":{"line":297,"column":8},"end":{"line":297,"column":13}},{"start":{"line":297,"column":17},"end":{"line":297,"column":19}}]},"40":{"line":298,"type":"cond-expr","locations":[{"start":{"line":298,"column":31},"end":{"line":298,"column":45}},{"start":{"line":298,"column":48},"end":{"line":298,"column":64}}]}},"code":["/**"," * Copyright (c) 2014-present, Facebook, Inc. All rights reserved."," *"," * This source code is licensed under the BSD-style license found in the"," * LICENSE file in the root directory of this source tree. An additional grant"," * of patent rights can be found in the PATENTS file in the same directory."," *"," * "," */","","'use strict';var _slicedToArray = function () {function sliceIterator(arr, i) {var _arr = [];var _n = true;var _d = false;var _e = undefined;try {for (var _i = arr[Symbol.iterator](), _s; !(_n = (_s = _i.next()).done); _n = true) {_arr.push(_s.value);if (i && _arr.length === i) break;}} catch (err) {_d = true;_e = err;} finally {try {if (!_n && _i[\"return\"]) _i[\"return\"]();} finally {if (_d) throw _e;}}return _arr;}return function (arr, i) {if (Array.isArray(arr)) {return arr;} else if (Symbol.iterator in Object(arr)) {return sliceIterator(arr, i);} else {throw new TypeError(\"Invalid attempt to destructure non-iterable instance\");}};}();","","","","","","","const micromatch = require('micromatch');","","const DependencyResolver = require('jest-resolve-dependencies');","","const chalk = require('chalk');","const changedFiles = require('jest-changed-files');","const path = require('path');var _require =","","","","require('jest-regex-util');const escapePathForRegex = _require.escapePathForRegex,replacePathSepForRegex = _require.replacePathSepForRegex;","","","","","","","","","","","","","","","","","","","","","","","","","","","","","","","","","const git = changedFiles.git;","const hg = changedFiles.hg;","","const determineSCM = path => Promise.all([","git.isGitRepository(path),","hg.isHGRepository(path)]);","","const pathToRegex = p => replacePathSepForRegex(p);","const pluralize = (","word,","cou
[...]
"run","line":21,"loc":{"start":{"line":21,"column":0},"end":{"line":21,"column":25}}}},"statementMap":{"1":{"start":{"line":15,"column":0},"end":{"line":15,"column":31}},"2":{"start":{"line":16,"column":0},"end":{"line":16,"column":37}},"3":{"start":{"line":17,"column":0},"end":{"line":17,"column":59}},"4":{"start":{"line":18,"column":0},"end":{"line":18,"column":67}},"5":{"start":{"line":19,"column":0},"end":{"line":19,"column":31}},"6":{"start":{"line":21,"column":0},"end":{"line":49,"column":1}},"7":{"start":{"line":22,"column":2},"end":{"line":28,"column":7}},"8":{"start":{"line":30,"column":2},"end":{"line":30,"column":41}},"9":{"start":{"line":32,"column":2},"end":{"line":36,"column":3}},"10":{"start":{"line":33,"column":4},"end":{"line":33,"column":21}},"11":{"start":{"line":34,"column":4},"end":{"line":34,"column":46}},"12":{"start":{"line":34,"column":29},"end":{"line":34,"column":44}},"13":{"start":{"line":35,"column":4},"end":{"line":35,"column":11}},"14":{"start":{"line":38,"column":2},"end":{"line":40,"column":3}},"15":{"start":{"line":39,"column":4},"end":{"line":39,"column":28}},"16":{"start":{"line":42,"column":2},"end":{"line":48,"column":5}},"17":{"start":{"line":43,"column":4},"end":{"line":43,"column":51}},"18":{"start":{"line":44,"column":4},"end":{"line":44,"column":49}},"19":{"start":{"line":44,"column":29},"end":{"line":44,"column":47}},"20":{"start":{"line":45,"column":4},"end":{"line":47,"column":5}},"21":{"start":{"line":46,"column":6},"end":{"line":46,"column":25}},"22":{"start":{"line":51,"column":0},"end":{"line":51,"column":18}}},"branchMap":{"1":{"line":22,"type":"binary-expr","locations":[{"start":{"line":22,"column":15},"end":{"line":22,"column":19}},{"start":{"line":22,"column":23},"end":{"line":22,"column":44}}]},"2":{"line":32,"type":"if","locations":[{"start":{"line":32,"column":2},"end":{"line":32,"column":2}},{"start":{"line":32,"column":2},"end":{"line":32,"column":2}}]},"3":{"line":38,"type":"if","locations":[{"start":{"line":38,"column":2},"end":{"line":38,"column":2}},{"start":{"line":38,"column":2},"end":{"line":38,"column":2}}]},"4":{"line":43,"type":"cond-expr","locations":[{"start":{"line":43,"column":45},"end":{"line":43,"column":46}},{"start":{"line":43,"column":49},"end":{"line":43,"column":50}}]},"5":{"line":43,"type":"binary-expr","locations":[{"start":{"line":43,"column":17},"end":{"line":43,"column":24}},{"start":{"line":43,"column":28},"end":{"line":43,"column":42}}]},"6":{"line":45,"type":"if","locations":[{"start":{"line":45,"column":4},"end":{"line":45,"column":4}},{"start":{"line":45,"column":4},"end":{"line":45,"column":4}}]},"7":{"line":45,"type":"binary-expr","locations":[{"start":{"line":45,"column":8},"end":{"line":45,"column":12}},{"start":{"line":45,"column":16},"end":{"line":45,"column":30}}]}},"code":["/**"," * Copyright (c) 2014, Facebook, Inc. All rights reserved."," *"," * This source code is licensed under the BSD-style license found in the"," * LICENSE file in the root directory of this source tree. An additional grant"," * of patent rights can be found in the PATENTS file in the same directory."," *"," * "," */","","'use strict';","","","","const args = require('./args');","const getJest = require('./getJest');","const getPackageRoot = require('jest-util').getPackageRoot;","const validateCLIOptions = require('jest-util').validateCLIOptions;","const yargs = require('yargs');","","function run(argv, root) {","  argv = yargs(argv || process.argv.slice(2)).","  usage(args.usage).","  help().","  alias('help', 'h').","  options(args.options).","  check(args.check).","  argv;","","  validateCLIOptions(argv, args.options);","","  if (argv.help) {","    yargs.showHelp();","    process.on('exit', () => process.exit(1));","    return;","  }","","  if (!root) {","    root = getPackageRoot();","  }","","  getJest(root).runCLI(argv, root, result => {","    const code = !result || result.success ? 0 : 1;","    process.on('exit', () => process.exit(code));","    if (argv && argv.forceExit) {","      process.exit(code);","    }","  });","}","","exports.run = run;"],"l":{"15":4,"16":4,"17":4,"18":4,"19":4,"21":1,"22":0,"30":0,"32":0,"33":0,"34":0,"35":0,"38":0,"39":0,"42":0,"43":0,"44":0,"45":0,"46":0,"51":0}},"/home/travis/build/npmtest/node-npmtest-jest-cli/node_modules/jest-cli/build/cli/args.js":{"path":"/home/travis/build/npmtest/node-npmtest-jest-cli/node_modules/jest-cli/build/cli/args.js","s":{"1":1,"2":0,"3":0,"4":0,"5":0,"6":0,"7":0,"8":0,"9":0,"10":0,"11":1,"12":1,"13":1},"b":{"1":[0,0],"2":[0,0],"3":[0,0],"4":[0,0],"5":[0,0],"6":[0,0],"7":[0,0],"8":[0,0]},"f":{},"fnMap":{},"statementMap":{"1":{"start":{"line":13,"column":0},"end":{"line":45,"column":2}},"2":{"start":{"line":14,"column":2},"end":{"line":19,"column":3}},"3":{"start":{"line":15,"column":4},"end":{"line":17,"column":56}},"4":{"start":{"line":21,"column":2},"end":{"line":27,"column":3}},"5":{"start":{"line":22,"column":4},"end":{"line":25,"column":71}},"6":{"start":{"line":29,"column":2},"end":{"line":35,"column":3}},"7":{"start":{"line":30,"column":4},"end":{"line":33,"column":51}},"8":{"start":{"line":37,"column":2},"end":{"line":42,"column":3}},"9":{"start":{"line":38,"column":4},"end":{"line":40,"column":78}},"10":{"start":{"line":44,"column":2},"end":{"line":44,"column":14}},"11":{"start":{"line":47,"column":0},"end":{"line":47,"column":74}},"12":{"start":{"line":49,"column":0},"end":{"line":277,"column":24}},"13":{"start":{"line":281,"column":0},"end":{"line":284,"column":10}}},"branchMap":{"1":{"line":14,"type":"if","locations":[{"start":{"line":14,"column":2},"end":{"line":14,"column":2}},{"start":{"line":14,"column":2},"end":{"line":14,"column":2}}]},"2":{"line":14,"type":"binary-expr","locations":[{"start":{"line":14,"column":6},"end":{"line":14,"column":20}},{"start":{"line":14,"column":24},"end":{"line":14,"column":57}}]},"3":{"line":21,"type":"if","locations":[{"start":{"line":21,"column":2},"end":{"line":21,"column":2}},{"start":{"line":21,"column":2},"end":{"line":21,"column":2}}]},"4":{"line":21,"type":"binary-expr","locations":[{"start":{"line":21,"column":6},"end":{"line":21,"column":22}},{"start":{"line":21,"column":26},"end":{"line":21,"column":43}}]},"5":{"line":29,"type":"if","locations":[{"start":{"line":29,"column":2},"end":{"line":29,"column":2}},{"start":{"line":29,"column":2},"end":{"line":29,"column":2}}]},"6":{"line":29,"type":"binary-expr","locations":[{"start":{"line":29,"column":6},"end":{"line":29,"column":22}},{"start":{"line":29,"column":26},"end":{"line":29,"column":39}}]},"7":{"line":37,"type":"if","locations":[{"start":{"line":37,"column":2},"end":{"line":37,"column":2}},{"start":{"line":37,"column":2},"end":{"line":37,"column":2}}]},"8":{"line":37,"type":"binary-expr","locations":[{"start":{"line":37,"column":6},"end":{"line":37,"column":27}},{"start":{"line":37,"column":31},"end":{"line":37,"column":50}}]}},"code":["/**"," * Copyright (c) 2014, Facebook, Inc. All rights reserved."," *"," * This source code is licensed under the BSD-style license found in the"," * LICENSE file in the root directory of this source tree. An additional grant"," * of patent rights can be found in the PATENTS file in the same directory."," *"," * "," */","","'use strict';","","const check = argv => {","  if (argv.runInBand && argv.hasOwnProperty('maxWorkers')) {","    throw new Error(","    'Both --runInBand and --maxWorkers were specified, but these two ' +","    'options do not make sense together. Which is it?');","","  }","","  if (argv.onlyChanged && argv._.length > 0) {","    throw new Error(","    'Both --onlyChanged and a path pattern were specified, but these ' +","    'two options do not make sense together. Which is it? Do you want ' +","    'to run tests for changed files? Or for a specific set of files?');","","  }","","  if (argv.onlyChanged && argv.watchAll) {","    throw new Error(","    'Both --onlyChanged and --watchAll were specified, but these two ' +","    'options do not make sense together. Try the --watch option which ' +","    'reruns only tests related to changed files.');","","  }","","  if (argv.findRelatedTests && argv._.length === 0) {","    throw new Error(","    'The --findRelatedTests option requires file paths to be specified.\\n' +","    'Example usage: jest --findRelatedTests ./src/source.js ./src/index.js.');","","  }","","  return true;","};","","const usage = 'Usage: $0 [--config=<pathToConfigFile>] [TestPathPattern]';","","const options = {","  bail: {","    alias: 'b',","    description:","    'Exit the test suite immediately upon the first failing test.',","    type: 'boolean' },","","  cache: {","    default: true,","    description:","    'Whether to use the transform cache. Disable the cache using ' +","    '--no-cache.',","    type: 'boolean' },","","  collectCoverageFrom: {","    description:","    'relative to <rootDir> glob pattern matching the files that coverage ' +","    'info needs to be collected from.',","    type: 'string' },","","  collectCoverageOnlyFrom: {","    description: 'List of paths coverage will be restricted to.',","    type: 'array' },","","  color: {","    description:","    'Forces test results output color highlighting (even if stdout is not ' +","    'a TTY). Set to false if you would like to have no colors.',","    type: 'boolean' },","","  colors: {","    description:","    'Alias for `--color`.',","    type: 'boolean' },","","  config: {","    alias: 'c',","    description:","    'The path to a jest config file specifying how to find and execute ' +","    'tests. If no rootDir is set in the config, the current directory ' +","    'is assumed to be the rootDir for the project. This can also be a JSON' +","    'encoded value which Jest will use as configuration.',","    type: 'string' },","","  coverage: {","    description:","    'Indicates that test coverage information should be collected and ' +","    'reported in the output.',","    type: 'boolean' },","","  coverageDirectory: {","    default: undefined,","    description: 'The directory where Jest should output its coverage files.',","    type: 'string' },","","  debug: {","    description: 'Print debugging info about your jest config.',","    type: 'boolean' },","","  env: {","    default: undefined,","    description:","    'The test environment used for all tests. This can point to any file ' +","    'or node module. Examples: `jsdom`, `node` or ' +","    '`path/to/my-environment.js`',","    type: 'string' },","","  expand: {","    alias: 'e',","    default: false,","    description: 'Use this flag to show full diffs instead of a patch.',","    type: 'boolean' },","","  findRelatedTests: {","    description:","    'Find related tests for a list of source files that were passed in ' +","    'as arguments. Useful for pre-commit hook integration to run the ' +","    'minimal amount of tests necessary.',","    type: 'boolean' },","","  forceExit: {","    default: false,","    description:","    'Force Jest to exit after all tests have completed running. ' +","    'This is useful when resources set up by test code cannot be ' +","    'adequately cleaned up.',","    type: 'boolean' },","","  json: {","    description:","    'Prints the test results in JSON. This mode will send all ' +","    'other test output and user messages to stderr.',","    type: 'boolean' },","","  lastCommit: {","    default: false,","    description:","    'Will run all tests affected by file changes in the last commit made.',","    type: 'boolean' },","","  logHeapUsage: {","    description:","    'Logs the heap usage after every test. Useful to debug memory ' +","    'leaks. Use together with `--runInBand` and `--expose-gc` in node.',","    type: 'boolean' },","","  maxWorkers: {","    alias: 'w',","    description:","    'Specifies the maximum number of workers the worker-pool will ' +","    'spawn for running tests. This defaults to the number of the cores ' +","    'available on your machine. (its usually best not to override this ' +","    'default)',","    type: 'string' },","","  noStackTrace: {","    description: 'Disables stack trace in test results output',","    type: 'boolean' },","","  notify: {","    description: 'Activates notifications for test results.',","    type: 'boolean' },","","  onlyChanged: {","    alias: 'o',","    description:","    'Attempts to identify which tests to run based on which files have ' +","    'changed in the current repository. Only works if you\\'re running ' +","    'tests in a git repository at the moment.',","    type: 'boolean' },","","  outputFile: {","    description:","    'Write test results to a file when the --json option is also specified.',","    type: 'string' },","","  runInBand: {","    alias: 'i',","    description:","    'Run all tests serially in the current process (rather than ' +","    'creating a worker pool of child processes that run tests). This ' +","    'is sometimes useful for debugging, but such use cases are pretty ' +","    'rare.',","    type: 'boolean' },","","  setupTestFrameworkScriptFile: {","    description:","    'The path to a module that runs some code to configure or set up ' +","    'the testing framework before each test.',","    type: 'string' },","","  silent: {","    default: false,","    description: 'Prevent tests from printing messages through the console.',","    type: 'boolean' },","","  testNamePattern: {","    alias: 't',","    description:","    'Run only tests with a name that matches the regex pattern.',","    type: 'string' },","","  testPathPattern: {","    description:","    'A regexp pattern string that is matched against all tests ' +","    'paths before executing the test.',","    type: 'string' },","","  testResultsProcessor: {","    default: undefined,","    description:","    'Allows the use of a custom results processor. ' +","    'This processor must be a node module that exports ' +","    'a function expecting as the first argument the result object',","    type: 'string' },","","  testRunner: {","    description:","    'Allows to specify a custom test runner. Jest ships with Jasmine ' +","    '1 and 2 which can be enabled by setting this option to ' +","    '`jasmine1` or `jasmine2`. The default is `jasmine2`. A path to a ' +","    'custom test runner can be provided: ' +","    '`<rootDir>/path/to/testRunner.js`.',","    type: 'string' },","","  updateSnapshot: {","    alias: 'u',","    default: false,","    description:","    'Use this flag to re-record snapshots. ' +","    'Can be used together with a test suite pattern or with ' +","    '`--testNamePattern` to re-record snapshot for test matching ' +","    'the pattern',","    type: 'boolean' },","","  useStderr: {","    description: 'Divert all output to stderr.',","    type: 'boolean' },","","  verbose: {","    description:","    'Display individual test results with the test suite hierarchy.',","    type: 'boolean' },","","  version: {","    alias: 'v',","    description: 'Print the version and exit',","    type: 'boolean' },","","  watch: {","    description:","    'Watch files for changes and rerun tests related to changed files. ' +","    'If you want to re-run all tests when a file has changed, use the ' +","    '`--watchAll` option.',","    type: 'boolean' },","","  watchAll: {","    description:","    'Watch files for changes and rerun all tests. If you want to re-run ' +","    'only the tests related to the changed files, use the ' +","    '`--watch` option.',","    type: 'boolean' },","","  watchman: {","    default: true,","    description:","    'Whether to use watchman for file crawling. Disable using ' +","    '--no-watchman.',","    type: 'boolean' } };","","","","module.exports = {","  check,","  options,","  usage };"],"l":{"13":1,"14":0,"15":0,"21":0,"22":0,"29":0,"30":0,"37":0,"38":0,"44":0,"47":1,"49":1,"281":1}},"/home/travis/build/npmtest/node-npmtest-jest-cli/node_modules/jest-cli/build/cli/getJest.js":{"path":"/home/travis/build/npmtest/node-npmtest-jest-cli/node_modules/jest-cli/build/cli/getJest.js","s":{"1":1,"2":1,"3":1,"4":1,"5":0,"6":0,"7":0,"8":0,"9":0,"10":0,"11":0,"12":0,"13":0,"14":0,"15":0,"16":0,"17":0,"18":1},"b":{"1":[0,0],"2":[0,0],"3":[0,0],"4":[0,0,0,0]},"f":{"1":0},"fnMap":{"1":{"name":"getJest","line":19,"loc":{"start":{"line":19,"column":0},"end":{"line":19,"column":30}}}},"statementMap":{"1":{"start":{"line":15,"column":0},"end":{"line":15,"column":31}},"2":{"start":{"line":16,"column":0},"end":{"line":16,"column":34}},"3":{"start":{"line":17,"column":0},"end":{"line":17,"column":29}},"4":{"start":{"line":19,"column":0},"end":{"line":47,"column":1}},"5":{"start":{"line":20,"column":2},"end":{"line":20,"column":65}},"6":{"start":{"line":21,"column":2},"end":{"line":21,"column":66}},"7":{"start":{"line":22,"column":2},"end":{"line":46,"column":3}},"8":{"start":{"line":24,"column":4},"end":{"line":24,"column":28}},"9":{"start":{"line":26,"column":4},"end":{"line":26,"column":36}},"10":{"start":{"line":28,"column":4},"end":{"line":44,"column":5}},"11":{"start":{"line":30,"column":6},"end":{"line":30,"column":51}},"12":{"start":{"line":31,"column":6},"end":{"line":31,"column":52}},"13":{"start":{"line":32,"column":6},"end":{"line":32,"column":58}},"14":{"start":{"line":33,"column":6},"end":{"line":43,"column":7}},"15":{"start":{"line":37,"column":8},"end":{"line":40,"column":31}},"16":{"start":{"line":37,"column":33},"end":{"line":40,"column":29}},"17":{"start":{"line":45,"column":4},"end":{"line":45,"column":16}},"18":{"start":{"line":49,"column":0},"end":{"line":49,"column":25}}},"branchMap":{"1":{"line":22,"type":"if","locations":[{"start":{"line":22,"column":2},"end":{"line":22,"column":2}},{"start":{"line":22,"column":2},"end":{"line":22,"column":2}}]},"2":{"line":28,"type":"if","locations":[{"start":{"line":28,"column":4},"end":{"line":28,"column":4}},{"start":{"line":28,"column":4},"end":{"line":28,"column":4}}]},"3":{"line":33,"type":"if","locations":[{"start":{"line":33,"column":6},"end":{"line":33,"column":6}},{"start":{"line":33,"column":6},"end":{"line":33,"column":6}}]},"4":{"line":34,"type":"binary-expr","locations":[{"start":{"line":34,"column":6},"end":{"line":34,"column":18}},{"start":{"line":34,"column":22},"end":{"line":34,"column":46}},{"start":{"line":35,"column":6},"end":{"line":35,"column":21}},{"start":{"line":35,"column":25},"end":{"line":35,"column":52}}]}},"code":["/**"," * Copyright (c) 2014, Facebook, Inc. All rights reserved."," *"," * This source code is licensed under the BSD-style license found in the"," * LICENSE file in the root directory of this source tree. An additional grant"," * of patent rights can be found in the PATENTS file in the same directory."," *"," * "," */","","'use strict';","","","","const chalk = require('chalk');","const fs = require('graceful-fs');","const path = require('path');","","function getJest(packageRoot) {","  const packageJSONPath = path.join(packageRoot, 'package.json');","  const binPath = path.join(packageRoot, 'node_modules/jest-cli');","  if (fs.existsSync(binPath)) {","    /* $FlowFixMe */","    return require(binPath);","  } else {","    const jest = require('../jest');","    // Check if Jest is specified in `package.json` but not installed.","    if (fs.existsSync(packageJSONPath)) {","      /* $FlowFixMe */","      const packageJSON = require(packageJSONPath);","      const dependencies = packageJSON.dependencies;","      const devDependencies = packageJSON.devDependencies;","      if (","      dependencies && dependencies['jest-cli'] ||","      devDependencies && devDependencies['jest-cli'])","      {","        process.on('exit', () => console.log(","        chalk.red(","        'Please run `npm install` to use the version of Jest intended ' +","        'for this project.')));","","","      }","    }","    return jest;","  }","}","","module.exports = getJest;"],"l":{"15":1,"16":1,"17":1,"19":1,"20":0,"21":0,"22":0,"24":0,"26":0,"28":0,"30":0,"31":0,"32":0,"33":0,"37":0,"45":0,"49":1}}}